Build settings from command line:
    COMPILER_INDEX_STORE_ENABLE = NO

note: Using new build system

** CLEAN SUCCEEDED **

note: Using new build system
note: Planning build
note: Constructing build description
CreateBuildDirectory /Users/pranay/Library/Developer/Xcode/DerivedData/SonarDemo-ddqrmorkxxuuovdczpnlgvfyllpk/Build/Products (in target: Pods-SonarDemo)
    cd /Users/pranay/Desktop/SonarDemo/Pods
    builtin-create-build-directory /Users/pranay/Library/Developer/Xcode/DerivedData/SonarDemo-ddqrmorkxxuuovdczpnlgvfyllpk/Build/Products

CreateBuildDirectory /Users/pranay/Library/Developer/Xcode/DerivedData/SonarDemo-ddqrmorkxxuuovdczpnlgvfyllpk/Build/Intermediates.noindex (in target: Pods-SonarDemo)
    cd /Users/pranay/Desktop/SonarDemo/Pods
    builtin-create-build-directory /Users/pranay/Library/Developer/Xcode/DerivedData/SonarDemo-ddqrmorkxxuuovdczpnlgvfyllpk/Build/Intermediates.noindex

MkDir /Users/pranay/Library/Developer/Xcode/DerivedData/SonarDemo-ddqrmorkxxuuovdczpnlgvfyllpk/Build/Products/Debug-iphonesimulator/Pods_SonarDemo.framework (in target: Pods-SonarDemo)
    cd /Users/pranay/Desktop/SonarDemo/Pods
    /bin/mkdir -p /Users/pranay/Library/Developer/Xcode/DerivedData/SonarDemo-ddqrmorkxxuuovdczpnlgvfyllpk/Build/Products/Debug-iphonesimulator/Pods_SonarDemo.framework

MkDir /Users/pranay/Library/Developer/Xcode/DerivedData/SonarDemo-ddqrmorkxxuuovdczpnlgvfyllpk/Build/Products/Debug-iphonesimulator/SonarDemo.app (in target: SonarDemo)
    cd /Users/pranay/Desktop/SonarDemo
    /bin/mkdir -p /Users/pranay/Library/Developer/Xcode/DerivedData/SonarDemo-ddqrmorkxxuuovdczpnlgvfyllpk/Build/Products/Debug-iphonesimulator/SonarDemo.app

MkDir /Users/pranay/Library/Developer/Xcode/DerivedData/SonarDemo-ddqrmorkxxuuovdczpnlgvfyllpk/Build/Products/Debug-iphonesimulator/Pods_SonarDemo.framework/Headers (in target: Pods-SonarDemo)
    cd /Users/pranay/Desktop/SonarDemo/Pods
    /bin/mkdir -p /Users/pranay/Library/Developer/Xcode/DerivedData/SonarDemo-ddqrmorkxxuuovdczpnlgvfyllpk/Build/Products/Debug-iphonesimulator/Pods_SonarDemo.framework/Headers

WriteAuxiliaryFile /Users/pranay/Library/Developer/Xcode/DerivedData/SonarDemo-ddqrmorkxxuuovdczpnlgvfyllpk/Build/Intermediates.noindex/Pods.build/Debug-iphonesimulator/Pods-SonarDemo.build/Pods_SonarDemo-generated-files.hmap (in target: Pods-SonarDemo)
    cd /Users/pranay/Desktop/SonarDemo/Pods
    write-file /Users/pranay/Library/Developer/Xcode/DerivedData/SonarDemo-ddqrmorkxxuuovdczpnlgvfyllpk/Build/Intermediates.noindex/Pods.build/Debug-iphonesimulator/Pods-SonarDemo.build/Pods_SonarDemo-generated-files.hmap

WriteAuxiliaryFile /Users/pranay/Library/Developer/Xcode/DerivedData/SonarDemo-ddqrmorkxxuuovdczpnlgvfyllpk/Build/Intermediates.noindex/Pods.build/Debug-iphonesimulator/Pods-SonarDemo.build/Pods_SonarDemo-project-headers.hmap (in target: Pods-SonarDemo)
    cd /Users/pranay/Desktop/SonarDemo/Pods
    write-file /Users/pranay/Library/Developer/Xcode/DerivedData/SonarDemo-ddqrmorkxxuuovdczpnlgvfyllpk/Build/Intermediates.noindex/Pods.build/Debug-iphonesimulator/Pods-SonarDemo.build/Pods_SonarDemo-project-headers.hmap

WriteAuxiliaryFile /Users/pranay/Library/Developer/Xcode/DerivedData/SonarDemo-ddqrmorkxxuuovdczpnlgvfyllpk/Build/Intermediates.noindex/Pods.build/Debug-iphonesimulator/Pods-SonarDemo.build/Pods_SonarDemo-all-target-headers.hmap (in target: Pods-SonarDemo)
    cd /Users/pranay/Desktop/SonarDemo/Pods
    write-file /Users/pranay/Library/Developer/Xcode/DerivedData/SonarDemo-ddqrmorkxxuuovdczpnlgvfyllpk/Build/Intermediates.noindex/Pods.build/Debug-iphonesimulator/Pods-SonarDemo.build/Pods_SonarDemo-all-target-headers.hmap

WriteAuxiliaryFile /Users/pranay/Library/Developer/Xcode/DerivedData/SonarDemo-ddqrmorkxxuuovdczpnlgvfyllpk/Build/Intermediates.noindex/Pods.build/Debug-iphonesimulator/Pods-SonarDemo.build/Pods_SonarDemo-all-non-framework-target-headers.hmap (in target: Pods-SonarDemo)
    cd /Users/pranay/Desktop/SonarDemo/Pods
    write-file /Users/pranay/Library/Developer/Xcode/DerivedData/SonarDemo-ddqrmorkxxuuovdczpnlgvfyllpk/Build/Intermediates.noindex/Pods.build/Debug-iphonesimulator/Pods-SonarDemo.build/Pods_SonarDemo-all-non-framework-target-headers.hmap

WriteAuxiliaryFile /Users/pranay/Library/Developer/Xcode/DerivedData/SonarDemo-ddqrmorkxxuuovdczpnlgvfyllpk/Build/Intermediates.noindex/Pods.build/Debug-iphonesimulator/Pods-SonarDemo.build/Pods_SonarDemo-own-target-headers.hmap (in target: Pods-SonarDemo)
    cd /Users/pranay/Desktop/SonarDemo/Pods
    write-file /Users/pranay/Library/Developer/Xcode/DerivedData/SonarDemo-ddqrmorkxxuuovdczpnlgvfyllpk/Build/Intermediates.noindex/Pods.build/Debug-iphonesimulator/Pods-SonarDemo.build/Pods_SonarDemo-own-target-headers.hmap

WriteAuxiliaryFile /Users/pranay/Library/Developer/Xcode/DerivedData/SonarDemo-ddqrmorkxxuuovdczpnlgvfyllpk/Build/Intermediates.noindex/Pods.build/Debug-iphonesimulator/Pods-SonarDemo.build/all-product-headers.yaml (in target: Pods-SonarDemo)
    cd /Users/pranay/Desktop/SonarDemo/Pods
    write-file /Users/pranay/Library/Developer/Xcode/DerivedData/SonarDemo-ddqrmorkxxuuovdczpnlgvfyllpk/Build/Intermediates.noindex/Pods.build/Debug-iphonesimulator/Pods-SonarDemo.build/all-product-headers.yaml

WriteAuxiliaryFile /Users/pranay/Library/Developer/Xcode/DerivedData/SonarDemo-ddqrmorkxxuuovdczpnlgvfyllpk/Build/Intermediates.noindex/Pods.build/Debug-iphonesimulator/Pods-SonarDemo.build/Pods_SonarDemo.hmap (in target: Pods-SonarDemo)
    cd /Users/pranay/Desktop/SonarDemo/Pods
    write-file /Users/pranay/Library/Developer/Xcode/DerivedData/SonarDemo-ddqrmorkxxuuovdczpnlgvfyllpk/Build/Intermediates.noindex/Pods.build/Debug-iphonesimulator/Pods-SonarDemo.build/Pods_SonarDemo.hmap

WriteAuxiliaryFile /Users/pranay/Library/Developer/Xcode/DerivedData/SonarDemo-ddqrmorkxxuuovdczpnlgvfyllpk/Build/Intermediates.noindex/Pods.build/Debug-iphonesimulator/Pods-SonarDemo.build/module.modulemap (in target: Pods-SonarDemo)
    cd /Users/pranay/Desktop/SonarDemo/Pods
    write-file /Users/pranay/Library/Developer/Xcode/DerivedData/SonarDemo-ddqrmorkxxuuovdczpnlgvfyllpk/Build/Intermediates.noindex/Pods.build/Debug-iphonesimulator/Pods-SonarDemo.build/module.modulemap

ProcessInfoPlistFile /Users/pranay/Library/Developer/Xcode/DerivedData/SonarDemo-ddqrmorkxxuuovdczpnlgvfyllpk/Build/Products/Debug-iphonesimulator/Pods_SonarDemo.framework/Info.plist /Users/pranay/Desktop/SonarDemo/Pods/Target\ Support\ Files/Pods-SonarDemo/Info.plist (in target: Pods-SonarDemo)
    cd /Users/pranay/Desktop/SonarDemo/Pods
    builtin-infoPlistUtility /Users/pranay/Desktop/SonarDemo/Pods/Target\ Support\ Files/Pods-SonarDemo/Info.plist -expandbuildsettings -format binary -platform iphonesimulator -o /Users/pranay/Library/Developer/Xcode/DerivedData/SonarDemo-ddqrmorkxxuuovdczpnlgvfyllpk/Build/Products/Debug-iphonesimulator/Pods_SonarDemo.framework/Info.plist

WriteAuxiliaryFile /Users/pranay/Library/Developer/Xcode/DerivedData/SonarDemo-ddqrmorkxxuuovdczpnlgvfyllpk/Build/Intermediates.noindex/Pods.build/Debug-iphonesimulator/Pods-SonarDemo.build/DerivedSources/Pods_SonarDemo_vers.c (in target: Pods-SonarDemo)
    cd /Users/pranay/Desktop/SonarDemo/Pods
    write-file /Users/pranay/Library/Developer/Xcode/DerivedData/SonarDemo-ddqrmorkxxuuovdczpnlgvfyllpk/Build/Intermediates.noindex/Pods.build/Debug-iphonesimulator/Pods-SonarDemo.build/DerivedSources/Pods_SonarDemo_vers.c

WriteAuxiliaryFile /Users/pranay/Library/Developer/Xcode/DerivedData/SonarDemo-ddqrmorkxxuuovdczpnlgvfyllpk/Build/Intermediates.noindex/Pods.build/Debug-iphonesimulator/Pods-SonarDemo.build/Objects-normal/x86_64/Pods_SonarDemo.LinkFileList (in target: Pods-SonarDemo)
    cd /Users/pranay/Desktop/SonarDemo/Pods
    write-file /Users/pranay/Library/Developer/Xcode/DerivedData/SonarDemo-ddqrmorkxxuuovdczpnlgvfyllpk/Build/Intermediates.noindex/Pods.build/Debug-iphonesimulator/Pods-SonarDemo.build/Objects-normal/x86_64/Pods_SonarDemo.LinkFileList

CompileC /Users/pranay/Library/Developer/Xcode/DerivedData/SonarDemo-ddqrmorkxxuuovdczpnlgvfyllpk/Build/Intermediates.noindex/Pods.build/Debug-iphonesimulator/Pods-SonarDemo.build/Objects-normal/x86_64/Pods-SonarDemo-dummy.o /Users/pranay/Desktop/SonarDemo/Pods/Target\ Support\ Files/Pods-SonarDemo/Pods-SonarDemo-dummy.m normal x86_64 objective-c com.apple.compilers.llvm.clang.1_0.compiler (in target: Pods-SonarDemo)
    cd /Users/pranay/Desktop/SonarDemo/Pods
    export LANG=en_US.US-ASCII
    /Applications/Xcode.app/Contents/Developer/Toolchains/XcodeDefault.xctoolchain/usr/bin/clang -x objective-c -arch x86_64 -fmessage-length=0 -fdiagnostics-show-note-include-stack -fmacro-backtrace-limit=0 -std=gnu11 -fobjc-arc -fmodules -gmodules -fmodules-cache-path=/Users/pranay/Library/Developer/Xcode/DerivedData/ModuleCache.noindex -fmodules-prune-interval=86400 -fmodules-prune-after=345600 -fbuild-session-file=/Users/pranay/Library/Developer/Xcode/DerivedData/ModuleCache.noindex/Session.modulevalidation -fmodules-validate-once-per-build-session -Wnon-modular-include-in-framework-module -Werror=non-modular-include-in-framework-module -fmodule-name=Pods_SonarDemo -Wno-trigraphs -fpascal-strings -O0 -fno-common -Wno-missing-field-initializers -Wno-missing-prototypes -Werror=return-type -Wdocumentation -Wunreachable-code -Wno-implicit-atomic-properties -Werror=deprecated-objc-isa-usage -Wno-objc-interface-ivars -Werror=objc-root-class -Wno-arc-repeated-use-of-weak -Wimplicit-retain-self -Wduplicate-method-match -Wno-missing-braces -Wparentheses -Wswitch -Wunused-function -Wno-unused-label -Wno-unused-parameter -Wunused-variable -Wunused-value -Wempty-body -Wuninitialized -Wconditional-uninitialized -Wno-unknown-pragmas -Wno-shadow -Wno-four-char-constants -Wno-conversion -Wconstant-conversion -Wint-conversion -Wbool-conversion -Wenum-conversion -Wno-float-conversion -Wnon-literal-null-conversion -Wobjc-literal-conversion -Wshorten-64-to-32 -Wpointer-sign -Wno-newline-eof -Wno-selector -Wno-strict-selector-match -Wundeclared-selector -Wdeprecated-implementations -DPOD_CONFIGURATION_DEBUG=1 -DDEBUG=1 -DCOCOAPODS=1 -DOBJC_OLD_DISPATCH_PROTOTYPES=0 -isysroot /Applications/Xcode.app/Contents/Developer/Platforms/iPhoneSimulator.platform/Developer/SDKs/iPhoneSimulator12.1.sdk -fasm-blocks -fstrict-aliasing -Wprotocol -Wdeprecated-declarations -mios-simulator-version-min=10.0 -g -Wno-sign-conversion -Winfinite-recursion -Wcomma -Wblock-capture-autoreleasing -Wstrict-prototypes -Wno-semicolon-before-method-body -Wunguarded-availability -fobjc-abi-version=2 -fobjc-legacy-dispatch -fprofile-instr-generate -fcoverage-mapping -iquote /Users/pranay/Library/Developer/Xcode/DerivedData/SonarDemo-ddqrmorkxxuuovdczpnlgvfyllpk/Build/Intermediates.noindex/Pods.build/Debug-iphonesimulator/Pods-SonarDemo.build/Pods_SonarDemo-generated-files.hmap -I/Users/pranay/Library/Developer/Xcode/DerivedData/SonarDemo-ddqrmorkxxuuovdczpnlgvfyllpk/Build/Intermediates.noindex/Pods.build/Debug-iphonesimulator/Pods-SonarDemo.build/Pods_SonarDemo-own-target-headers.hmap -I/Users/pranay/Library/Developer/Xcode/DerivedData/SonarDemo-ddqrmorkxxuuovdczpnlgvfyllpk/Build/Intermediates.noindex/Pods.build/Debug-iphonesimulator/Pods-SonarDemo.build/Pods_SonarDemo-all-non-framework-target-headers.hmap -ivfsoverlay /Users/pranay/Library/Developer/Xcode/DerivedData/SonarDemo-ddqrmorkxxuuovdczpnlgvfyllpk/Build/Intermediates.noindex/Pods.build/Debug-iphonesimulator/Pods-SonarDemo.build/all-product-headers.yaml -iquote /Users/pranay/Library/Developer/Xcode/DerivedData/SonarDemo-ddqrmorkxxuuovdczpnlgvfyllpk/Build/Intermediates.noindex/Pods.build/Debug-iphonesimulator/Pods-SonarDemo.build/Pods_SonarDemo-project-headers.hmap -I/Users/pranay/Library/Developer/Xcode/DerivedData/SonarDemo-ddqrmorkxxuuovdczpnlgvfyllpk/Build/Products/Debug-iphonesimulator/include -I/Users/pranay/Library/Developer/Xcode/DerivedData/SonarDemo-ddqrmorkxxuuovdczpnlgvfyllpk/Build/Intermediates.noindex/Pods.build/Debug-iphonesimulator/Pods-SonarDemo.build/DerivedSources/x86_64 -I/Users/pranay/Library/Developer/Xcode/DerivedData/SonarDemo-ddqrmorkxxuuovdczpnlgvfyllpk/Build/Intermediates.noindex/Pods.build/Debug-iphonesimulator/Pods-SonarDemo.build/DerivedSources -F/Users/pranay/Library/Developer/Xcode/DerivedData/SonarDemo-ddqrmorkxxuuovdczpnlgvfyllpk/Build/Products/Debug-iphonesimulator -MMD -MT dependencies -MF /Users/pranay/Library/Developer/Xcode/DerivedData/SonarDemo-ddqrmorkxxuuovdczpnlgvfyllpk/Build/Intermediates.noindex/Pods.build/Debug-iphonesimulator/Pods-SonarDemo.build/Objects-normal/x86_64/Pods-SonarDemo-dummy.d --serialize-diagnostics /Users/pranay/Library/Developer/Xcode/DerivedData/SonarDemo-ddqrmorkxxuuovdczpnlgvfyllpk/Build/Intermediates.noindex/Pods.build/Debug-iphonesimulator/Pods-SonarDemo.build/Objects-normal/x86_64/Pods-SonarDemo-dummy.dia -c /Users/pranay/Desktop/SonarDemo/Pods/Target\ Support\ Files/Pods-SonarDemo/Pods-SonarDemo-dummy.m -o /Users/pranay/Library/Developer/Xcode/DerivedData/SonarDemo-ddqrmorkxxuuovdczpnlgvfyllpk/Build/Intermediates.noindex/Pods.build/Debug-iphonesimulator/Pods-SonarDemo.build/Objects-normal/x86_64/Pods-SonarDemo-dummy.o

Ditto /Users/pranay/Library/Developer/Xcode/DerivedData/SonarDemo-ddqrmorkxxuuovdczpnlgvfyllpk/Build/Intermediates.noindex/Pods.build/Debug-iphonesimulator/Pods-SonarDemo.build/module.modulemap /Users/pranay/Library/Developer/Xcode/DerivedData/SonarDemo-ddqrmorkxxuuovdczpnlgvfyllpk/Build/Products/Debug-iphonesimulator/Pods_SonarDemo.framework/Modules/module.modulemap (in target: Pods-SonarDemo)
    cd /Users/pranay/Desktop/SonarDemo/Pods
    builtin-copy -exclude .DS_Store -exclude CVS -exclude .svn -exclude .git -exclude .hg -resolve-src-symlinks /Users/pranay/Library/Developer/Xcode/DerivedData/SonarDemo-ddqrmorkxxuuovdczpnlgvfyllpk/Build/Intermediates.noindex/Pods.build/Debug-iphonesimulator/Pods-SonarDemo.build/module.modulemap /Users/pranay/Library/Developer/Xcode/DerivedData/SonarDemo-ddqrmorkxxuuovdczpnlgvfyllpk/Build/Products/Debug-iphonesimulator/Pods_SonarDemo.framework/Modules

CompileC /Users/pranay/Library/Developer/Xcode/DerivedData/SonarDemo-ddqrmorkxxuuovdczpnlgvfyllpk/Build/Intermediates.noindex/Pods.build/Debug-iphonesimulator/Pods-SonarDemo.build/Objects-normal/x86_64/Pods_SonarDemo_vers.o /Users/pranay/Library/Developer/Xcode/DerivedData/SonarDemo-ddqrmorkxxuuovdczpnlgvfyllpk/Build/Intermediates.noindex/Pods.build/Debug-iphonesimulator/Pods-SonarDemo.build/DerivedSources/Pods_SonarDemo_vers.c normal x86_64 c com.apple.compilers.llvm.clang.1_0.compiler (in target: Pods-SonarDemo)
    cd /Users/pranay/Desktop/SonarDemo/Pods
    export LANG=en_US.US-ASCII
    /Applications/Xcode.app/Contents/Developer/Toolchains/XcodeDefault.xctoolchain/usr/bin/clang -x c -arch x86_64 -fmessage-length=0 -fdiagnostics-show-note-include-stack -fmacro-backtrace-limit=0 -std=gnu11 -fmodules -gmodules -fmodules-cache-path=/Users/pranay/Library/Developer/Xcode/DerivedData/ModuleCache.noindex -fmodules-prune-interval=86400 -fmodules-prune-after=345600 -fbuild-session-file=/Users/pranay/Library/Developer/Xcode/DerivedData/ModuleCache.noindex/Session.modulevalidation -fmodules-validate-once-per-build-session -Wnon-modular-include-in-framework-module -Werror=non-modular-include-in-framework-module -fmodule-name=Pods_SonarDemo -Wno-trigraphs -fpascal-strings -O0 -fno-common -Wno-missing-field-initializers -Wno-missing-prototypes -Werror=return-type -Wdocumentation -Wunreachable-code -Werror=deprecated-objc-isa-usage -Werror=objc-root-class -Wno-missing-braces -Wparentheses -Wswitch -Wunused-function -Wno-unused-label -Wno-unused-parameter -Wunused-variable -Wunused-value -Wempty-body -Wuninitialized -Wconditional-uninitialized -Wno-unknown-pragmas -Wno-shadow -Wno-four-char-constants -Wno-conversion -Wconstant-conversion -Wint-conversion -Wbool-conversion -Wenum-conversion -Wno-float-conversion -Wnon-literal-null-conversion -Wobjc-literal-conversion -Wshorten-64-to-32 -Wpointer-sign -Wno-newline-eof -DPOD_CONFIGURATION_DEBUG=1 -DDEBUG=1 -DCOCOAPODS=1 -isysroot /Applications/Xcode.app/Contents/Developer/Platforms/iPhoneSimulator.platform/Developer/SDKs/iPhoneSimulator12.1.sdk -fasm-blocks -fstrict-aliasing -Wdeprecated-declarations -mios-simulator-version-min=10.0 -g -Wno-sign-conversion -Winfinite-recursion -Wcomma -Wblock-capture-autoreleasing -Wstrict-prototypes -Wno-semicolon-before-method-body -Wunguarded-availability -fprofile-instr-generate -fcoverage-mapping -iquote /Users/pranay/Library/Developer/Xcode/DerivedData/SonarDemo-ddqrmorkxxuuovdczpnlgvfyllpk/Build/Intermediates.noindex/Pods.build/Debug-iphonesimulator/Pods-SonarDemo.build/Pods_SonarDemo-generated-files.hmap -I/Users/pranay/Library/Developer/Xcode/DerivedData/SonarDemo-ddqrmorkxxuuovdczpnlgvfyllpk/Build/Intermediates.noindex/Pods.build/Debug-iphonesimulator/Pods-SonarDemo.build/Pods_SonarDemo-own-target-headers.hmap -I/Users/pranay/Library/Developer/Xcode/DerivedData/SonarDemo-ddqrmorkxxuuovdczpnlgvfyllpk/Build/Intermediates.noindex/Pods.build/Debug-iphonesimulator/Pods-SonarDemo.build/Pods_SonarDemo-all-non-framework-target-headers.hmap -ivfsoverlay /Users/pranay/Library/Developer/Xcode/DerivedData/SonarDemo-ddqrmorkxxuuovdczpnlgvfyllpk/Build/Intermediates.noindex/Pods.build/Debug-iphonesimulator/Pods-SonarDemo.build/all-product-headers.yaml -iquote /Users/pranay/Library/Developer/Xcode/DerivedData/SonarDemo-ddqrmorkxxuuovdczpnlgvfyllpk/Build/Intermediates.noindex/Pods.build/Debug-iphonesimulator/Pods-SonarDemo.build/Pods_SonarDemo-project-headers.hmap -I/Users/pranay/Library/Developer/Xcode/DerivedData/SonarDemo-ddqrmorkxxuuovdczpnlgvfyllpk/Build/Products/Debug-iphonesimulator/include -I/Users/pranay/Library/Developer/Xcode/DerivedData/SonarDemo-ddqrmorkxxuuovdczpnlgvfyllpk/Build/Intermediates.noindex/Pods.build/Debug-iphonesimulator/Pods-SonarDemo.build/DerivedSources/x86_64 -I/Users/pranay/Library/Developer/Xcode/DerivedData/SonarDemo-ddqrmorkxxuuovdczpnlgvfyllpk/Build/Intermediates.noindex/Pods.build/Debug-iphonesimulator/Pods-SonarDemo.build/DerivedSources -F/Users/pranay/Library/Developer/Xcode/DerivedData/SonarDemo-ddqrmorkxxuuovdczpnlgvfyllpk/Build/Products/Debug-iphonesimulator -MMD -MT dependencies -MF /Users/pranay/Library/Developer/Xcode/DerivedData/SonarDemo-ddqrmorkxxuuovdczpnlgvfyllpk/Build/Intermediates.noindex/Pods.build/Debug-iphonesimulator/Pods-SonarDemo.build/Objects-normal/x86_64/Pods_SonarDemo_vers.d --serialize-diagnostics /Users/pranay/Library/Developer/Xcode/DerivedData/SonarDemo-ddqrmorkxxuuovdczpnlgvfyllpk/Build/Intermediates.noindex/Pods.build/Debug-iphonesimulator/Pods-SonarDemo.build/Objects-normal/x86_64/Pods_SonarDemo_vers.dia -c /Users/pranay/Library/Developer/Xcode/DerivedData/SonarDemo-ddqrmorkxxuuovdczpnlgvfyllpk/Build/Intermediates.noindex/Pods.build/Debug-iphonesimulator/Pods-SonarDemo.build/DerivedSources/Pods_SonarDemo_vers.c -o /Users/pranay/Library/Developer/Xcode/DerivedData/SonarDemo-ddqrmorkxxuuovdczpnlgvfyllpk/Build/Intermediates.noindex/Pods.build/Debug-iphonesimulator/Pods-SonarDemo.build/Objects-normal/x86_64/Pods_SonarDemo_vers.o

Libtool /Users/pranay/Library/Developer/Xcode/DerivedData/SonarDemo-ddqrmorkxxuuovdczpnlgvfyllpk/Build/Products/Debug-iphonesimulator/Pods_SonarDemo.framework/Pods_SonarDemo normal x86_64 (in target: Pods-SonarDemo)
    cd /Users/pranay/Desktop/SonarDemo/Pods
    export IPHONEOS_DEPLOYMENT_TARGET=10.0
    /Applications/Xcode.app/Contents/Developer/Toolchains/XcodeDefault.xctoolchain/usr/bin/libtool -static -arch_only x86_64 -syslibroot /Applications/Xcode.app/Contents/Developer/Platforms/iPhoneSimulator.platform/Developer/SDKs/iPhoneSimulator12.1.sdk -L/Users/pranay/Library/Developer/Xcode/DerivedData/SonarDemo-ddqrmorkxxuuovdczpnlgvfyllpk/Build/Products/Debug-iphonesimulator -filelist /Users/pranay/Library/Developer/Xcode/DerivedData/SonarDemo-ddqrmorkxxuuovdczpnlgvfyllpk/Build/Intermediates.noindex/Pods.build/Debug-iphonesimulator/Pods-SonarDemo.build/Objects-normal/x86_64/Pods_SonarDemo.LinkFileList -o /Users/pranay/Library/Developer/Xcode/DerivedData/SonarDemo-ddqrmorkxxuuovdczpnlgvfyllpk/Build/Products/Debug-iphonesimulator/Pods_SonarDemo.framework/Pods_SonarDemo

CpHeader /Users/pranay/Desktop/SonarDemo/Pods/Target\ Support\ Files/Pods-SonarDemo/Pods-SonarDemo-umbrella.h /Users/pranay/Library/Developer/Xcode/DerivedData/SonarDemo-ddqrmorkxxuuovdczpnlgvfyllpk/Build/Products/Debug-iphonesimulator/Pods_SonarDemo.framework/Headers/Pods-SonarDemo-umbrella.h (in target: Pods-SonarDemo)
    cd /Users/pranay/Desktop/SonarDemo/Pods
    builtin-copy -exclude .DS_Store -exclude CVS -exclude .svn -exclude .git -exclude .hg -resolve-src-symlinks /Users/pranay/Desktop/SonarDemo/Pods/Target\ Support\ Files/Pods-SonarDemo/Pods-SonarDemo-umbrella.h /Users/pranay/Library/Developer/Xcode/DerivedData/SonarDemo-ddqrmorkxxuuovdczpnlgvfyllpk/Build/Products/Debug-iphonesimulator/Pods_SonarDemo.framework/Headers

CodeSign /Users/pranay/Library/Developer/Xcode/DerivedData/SonarDemo-ddqrmorkxxuuovdczpnlgvfyllpk/Build/Products/Debug-iphonesimulator/Pods_SonarDemo.framework (in target: Pods-SonarDemo)
    cd /Users/pranay/Desktop/SonarDemo/Pods
    export CODESIGN_ALLOCATE=/Applications/Xcode.app/Contents/Developer/Toolchains/XcodeDefault.xctoolchain/usr/bin/codesign_allocate
    
Signing Identity:     "-"

    /usr/bin/codesign --force --sign - --timestamp=none /Users/pranay/Library/Developer/Xcode/DerivedData/SonarDemo-ddqrmorkxxuuovdczpnlgvfyllpk/Build/Products/Debug-iphonesimulator/Pods_SonarDemo.framework

WriteAuxiliaryFile /Users/pranay/Library/Developer/Xcode/DerivedData/SonarDemo-ddqrmorkxxuuovdczpnlgvfyllpk/Build/Intermediates.noindex/SonarDemo.build/Debug-iphonesimulator/SonarDemo.build/DerivedSources/Entitlements-Simulated.plist (in target: SonarDemo)
    cd /Users/pranay/Desktop/SonarDemo
    write-file /Users/pranay/Library/Developer/Xcode/DerivedData/SonarDemo-ddqrmorkxxuuovdczpnlgvfyllpk/Build/Intermediates.noindex/SonarDemo.build/Debug-iphonesimulator/SonarDemo.build/DerivedSources/Entitlements-Simulated.plist

WriteAuxiliaryFile /Users/pranay/Library/Developer/Xcode/DerivedData/SonarDemo-ddqrmorkxxuuovdczpnlgvfyllpk/Build/Intermediates.noindex/SonarDemo.build/Debug-iphonesimulator/SonarDemo.build/DerivedSources/Entitlements.plist (in target: SonarDemo)
    cd /Users/pranay/Desktop/SonarDemo
    write-file /Users/pranay/Library/Developer/Xcode/DerivedData/SonarDemo-ddqrmorkxxuuovdczpnlgvfyllpk/Build/Intermediates.noindex/SonarDemo.build/Debug-iphonesimulator/SonarDemo.build/DerivedSources/Entitlements.plist

ProcessProductPackaging "" /Users/pranay/Library/Developer/Xcode/DerivedData/SonarDemo-ddqrmorkxxuuovdczpnlgvfyllpk/Build/Intermediates.noindex/SonarDemo.build/Debug-iphonesimulator/SonarDemo.build/SonarDemo.app-Simulated.xcent (in target: SonarDemo)
    cd /Users/pranay/Desktop/SonarDemo
    

Entitlements:

{
    "application-identifier" = "859WKE24J5.com.company.app.SonarDemo";
    "keychain-access-groups" =     (
        "859WKE24J5.com.company.app.SonarDemo"
    );
}


    builtin-productPackagingUtility -entitlements -format xml -o /Users/pranay/Library/Developer/Xcode/DerivedData/SonarDemo-ddqrmorkxxuuovdczpnlgvfyllpk/Build/Intermediates.noindex/SonarDemo.build/Debug-iphonesimulator/SonarDemo.build/SonarDemo.app-Simulated.xcent

ProcessProductPackaging "" /Users/pranay/Library/Developer/Xcode/DerivedData/SonarDemo-ddqrmorkxxuuovdczpnlgvfyllpk/Build/Intermediates.noindex/SonarDemo.build/Debug-iphonesimulator/SonarDemo.build/SonarDemo.app.xcent (in target: SonarDemo)
    cd /Users/pranay/Desktop/SonarDemo
    

Entitlements:

{
    "com.apple.security.get-task-allow" = 1;
}


    builtin-productPackagingUtility -entitlements -format xml -o /Users/pranay/Library/Developer/Xcode/DerivedData/SonarDemo-ddqrmorkxxuuovdczpnlgvfyllpk/Build/Intermediates.noindex/SonarDemo.build/Debug-iphonesimulator/SonarDemo.build/SonarDemo.app.xcent

WriteAuxiliaryFile /Users/pranay/Library/Developer/Xcode/DerivedData/SonarDemo-ddqrmorkxxuuovdczpnlgvfyllpk/Build/Intermediates.noindex/SonarDemo.build/Debug-iphonesimulator/SonarDemo.build/all-product-headers.yaml (in target: SonarDemo)
    cd /Users/pranay/Desktop/SonarDemo
    write-file /Users/pranay/Library/Developer/Xcode/DerivedData/SonarDemo-ddqrmorkxxuuovdczpnlgvfyllpk/Build/Intermediates.noindex/SonarDemo.build/Debug-iphonesimulator/SonarDemo.build/all-product-headers.yaml

WriteAuxiliaryFile /Users/pranay/Library/Developer/Xcode/DerivedData/SonarDemo-ddqrmorkxxuuovdczpnlgvfyllpk/Build/Intermediates.noindex/SonarDemo.build/Debug-iphonesimulator/SonarDemo.build/SonarDemo.hmap (in target: SonarDemo)
    cd /Users/pranay/Desktop/SonarDemo
    write-file /Users/pranay/Library/Developer/Xcode/DerivedData/SonarDemo-ddqrmorkxxuuovdczpnlgvfyllpk/Build/Intermediates.noindex/SonarDemo.build/Debug-iphonesimulator/SonarDemo.build/SonarDemo.hmap

WriteAuxiliaryFile /Users/pranay/Library/Developer/Xcode/DerivedData/SonarDemo-ddqrmorkxxuuovdczpnlgvfyllpk/Build/Intermediates.noindex/SonarDemo.build/Debug-iphonesimulator/SonarDemo.build/SonarDemo-project-headers.hmap (in target: SonarDemo)
    cd /Users/pranay/Desktop/SonarDemo
    write-file /Users/pranay/Library/Developer/Xcode/DerivedData/SonarDemo-ddqrmorkxxuuovdczpnlgvfyllpk/Build/Intermediates.noindex/SonarDemo.build/Debug-iphonesimulator/SonarDemo.build/SonarDemo-project-headers.hmap

WriteAuxiliaryFile /Users/pranay/Library/Developer/Xcode/DerivedData/SonarDemo-ddqrmorkxxuuovdczpnlgvfyllpk/Build/Intermediates.noindex/SonarDemo.build/Debug-iphonesimulator/SonarDemo.build/SonarDemo-own-target-headers.hmap (in target: SonarDemo)
    cd /Users/pranay/Desktop/SonarDemo
    write-file /Users/pranay/Library/Developer/Xcode/DerivedData/SonarDemo-ddqrmorkxxuuovdczpnlgvfyllpk/Build/Intermediates.noindex/SonarDemo.build/Debug-iphonesimulator/SonarDemo.build/SonarDemo-own-target-headers.hmap

WriteAuxiliaryFile /Users/pranay/Library/Developer/Xcode/DerivedData/SonarDemo-ddqrmorkxxuuovdczpnlgvfyllpk/Build/Intermediates.noindex/SonarDemo.build/Debug-iphonesimulator/SonarDemo.build/SonarDemo-all-target-headers.hmap (in target: SonarDemo)
    cd /Users/pranay/Desktop/SonarDemo
    write-file /Users/pranay/Library/Developer/Xcode/DerivedData/SonarDemo-ddqrmorkxxuuovdczpnlgvfyllpk/Build/Intermediates.noindex/SonarDemo.build/Debug-iphonesimulator/SonarDemo.build/SonarDemo-all-target-headers.hmap

WriteAuxiliaryFile /Users/pranay/Library/Developer/Xcode/DerivedData/SonarDemo-ddqrmorkxxuuovdczpnlgvfyllpk/Build/Intermediates.noindex/SonarDemo.build/Debug-iphonesimulator/SonarDemo.build/SonarDemo-generated-files.hmap (in target: SonarDemo)
    cd /Users/pranay/Desktop/SonarDemo
    write-file /Users/pranay/Library/Developer/Xcode/DerivedData/SonarDemo-ddqrmorkxxuuovdczpnlgvfyllpk/Build/Intermediates.noindex/SonarDemo.build/Debug-iphonesimulator/SonarDemo.build/SonarDemo-generated-files.hmap

WriteAuxiliaryFile /Users/pranay/Library/Developer/Xcode/DerivedData/SonarDemo-ddqrmorkxxuuovdczpnlgvfyllpk/Build/Intermediates.noindex/SonarDemo.build/Debug-iphonesimulator/SonarDemo.build/SonarDemo-all-non-framework-target-headers.hmap (in target: SonarDemo)
    cd /Users/pranay/Desktop/SonarDemo
    write-file /Users/pranay/Library/Developer/Xcode/DerivedData/SonarDemo-ddqrmorkxxuuovdczpnlgvfyllpk/Build/Intermediates.noindex/SonarDemo.build/Debug-iphonesimulator/SonarDemo.build/SonarDemo-all-non-framework-target-headers.hmap

Touch /Users/pranay/Library/Developer/Xcode/DerivedData/SonarDemo-ddqrmorkxxuuovdczpnlgvfyllpk/Build/Products/Debug-iphonesimulator/Pods_SonarDemo.framework (in target: Pods-SonarDemo)
    cd /Users/pranay/Desktop/SonarDemo/Pods
    /usr/bin/touch -c /Users/pranay/Library/Developer/Xcode/DerivedData/SonarDemo-ddqrmorkxxuuovdczpnlgvfyllpk/Build/Products/Debug-iphonesimulator/Pods_SonarDemo.framework

WriteAuxiliaryFile /Users/pranay/Library/Developer/Xcode/DerivedData/SonarDemo-ddqrmorkxxuuovdczpnlgvfyllpk/Build/Intermediates.noindex/SonarDemo.build/Debug-iphonesimulator/SonarDemo.build/Script-11CE6C426AE9C2C5CD386BB1.sh (in target: SonarDemo)
    cd /Users/pranay/Desktop/SonarDemo
    write-file /Users/pranay/Library/Developer/Xcode/DerivedData/SonarDemo-ddqrmorkxxuuovdczpnlgvfyllpk/Build/Intermediates.noindex/SonarDemo.build/Debug-iphonesimulator/SonarDemo.build/Script-11CE6C426AE9C2C5CD386BB1.sh

PhaseScriptExecution [CP]\ Check\ Pods\ Manifest.lock /Users/pranay/Library/Developer/Xcode/DerivedData/SonarDemo-ddqrmorkxxuuovdczpnlgvfyllpk/Build/Intermediates.noindex/SonarDemo.build/Debug-iphonesimulator/SonarDemo.build/Script-11CE6C426AE9C2C5CD386BB1.sh (in target: SonarDemo)
    cd /Users/pranay/Desktop/SonarDemo
    /bin/sh -c /Users/pranay/Library/Developer/Xcode/DerivedData/SonarDemo-ddqrmorkxxuuovdczpnlgvfyllpk/Build/Intermediates.noindex/SonarDemo.build/Debug-iphonesimulator/SonarDemo.build/Script-11CE6C426AE9C2C5CD386BB1.sh

WriteAuxiliaryFile /Users/pranay/Library/Developer/Xcode/DerivedData/SonarDemo-ddqrmorkxxuuovdczpnlgvfyllpk/Build/Intermediates.noindex/SonarDemo.build/Debug-iphonesimulator/SonarDemo.build/Objects-normal/x86_64/SonarDemo.LinkFileList (in target: SonarDemo)
    cd /Users/pranay/Desktop/SonarDemo
    write-file /Users/pranay/Library/Developer/Xcode/DerivedData/SonarDemo-ddqrmorkxxuuovdczpnlgvfyllpk/Build/Intermediates.noindex/SonarDemo.build/Debug-iphonesimulator/SonarDemo.build/Objects-normal/x86_64/SonarDemo.LinkFileList

WriteAuxiliaryFile /Users/pranay/Library/Developer/Xcode/DerivedData/SonarDemo-ddqrmorkxxuuovdczpnlgvfyllpk/Build/Intermediates.noindex/SonarDemo.build/Debug-iphonesimulator/SonarDemo.build/Objects-normal/x86_64/SonarDemo-OutputFileMap.json (in target: SonarDemo)
    cd /Users/pranay/Desktop/SonarDemo
    write-file /Users/pranay/Library/Developer/Xcode/DerivedData/SonarDemo-ddqrmorkxxuuovdczpnlgvfyllpk/Build/Intermediates.noindex/SonarDemo.build/Debug-iphonesimulator/SonarDemo.build/Objects-normal/x86_64/SonarDemo-OutputFileMap.json

CompileSwiftSources normal x86_64 com.apple.xcode.tools.swift.compiler (in target: SonarDemo)
    cd /Users/pranay/Desktop/SonarDemo
    export DEVELOPER_DIR=/Applications/Xcode.app/Contents/Developer
    export SDKROOT=/Applications/Xcode.app/Contents/Developer/Platforms/iPhoneSimulator.platform/Developer/SDKs/iPhoneSimulator12.1.sdk
    /Applications/Xcode.app/Contents/Developer/Toolchains/XcodeDefault.xctoolchain/usr/bin/swiftc -incremental -module-name SonarDemo -Onone -enable-batch-mode -enforce-exclusivity=checked -DDEBUG -sdk /Applications/Xcode.app/Contents/Developer/Platforms/iPhoneSimulator.platform/Developer/SDKs/iPhoneSimulator12.1.sdk -target x86_64-apple-ios10.0-simulator -g -module-cache-path /Users/pranay/Library/Developer/Xcode/DerivedData/ModuleCache.noindex -Xfrontend -serialize-debugging-options -profile-coverage-mapping -profile-generate -enable-testing -swift-version 4.2 -I /Users/pranay/Library/Developer/Xcode/DerivedData/SonarDemo-ddqrmorkxxuuovdczpnlgvfyllpk/Build/Products/Debug-iphonesimulator -F /Users/pranay/Library/Developer/Xcode/DerivedData/SonarDemo-ddqrmorkxxuuovdczpnlgvfyllpk/Build/Products/Debug-iphonesimulator -c -j8 /Users/pranay/Desktop/SonarDemo/SonarDemo/ViewController.swift /Users/pranay/Desktop/SonarDemo/SonarDemo/AppDelegate.swift -output-file-map /Users/pranay/Library/Developer/Xcode/DerivedData/SonarDemo-ddqrmorkxxuuovdczpnlgvfyllpk/Build/Intermediates.noindex/SonarDemo.build/Debug-iphonesimulator/SonarDemo.build/Objects-normal/x86_64/SonarDemo-OutputFileMap.json -parseable-output -serialize-diagnostics -emit-dependencies -emit-module -emit-module-path /Users/pranay/Library/Developer/Xcode/DerivedData/SonarDemo-ddqrmorkxxuuovdczpnlgvfyllpk/Build/Intermediates.noindex/SonarDemo.build/Debug-iphonesimulator/SonarDemo.build/Objects-normal/x86_64/SonarDemo.swiftmodule -Xcc -I/Users/pranay/Library/Developer/Xcode/DerivedData/SonarDemo-ddqrmorkxxuuovdczpnlgvfyllpk/Build/Intermediates.noindex/SonarDemo.build/Debug-iphonesimulator/SonarDemo.build/swift-overrides.hmap -Xcc -iquote -Xcc /Users/pranay/Library/Developer/Xcode/DerivedData/SonarDemo-ddqrmorkxxuuovdczpnlgvfyllpk/Build/Intermediates.noindex/SonarDemo.build/Debug-iphonesimulator/SonarDemo.build/SonarDemo-generated-files.hmap -Xcc -I/Users/pranay/Library/Developer/Xcode/DerivedData/SonarDemo-ddqrmorkxxuuovdczpnlgvfyllpk/Build/Intermediates.noindex/SonarDemo.build/Debug-iphonesimulator/SonarDemo.build/SonarDemo-own-target-headers.hmap -Xcc -I/Users/pranay/Library/Developer/Xcode/DerivedData/SonarDemo-ddqrmorkxxuuovdczpnlgvfyllpk/Build/Intermediates.noindex/SonarDemo.build/Debug-iphonesimulator/SonarDemo.build/SonarDemo-all-non-framework-target-headers.hmap -Xcc -ivfsoverlay -Xcc /Users/pranay/Library/Developer/Xcode/DerivedData/SonarDemo-ddqrmorkxxuuovdczpnlgvfyllpk/Build/Intermediates.noindex/SonarDemo.build/Debug-iphonesimulator/SonarDemo.build/all-product-headers.yaml -Xcc -iquote -Xcc /Users/pranay/Library/Developer/Xcode/DerivedData/SonarDemo-ddqrmorkxxuuovdczpnlgvfyllpk/Build/Intermediates.noindex/SonarDemo.build/Debug-iphonesimulator/SonarDemo.build/SonarDemo-project-headers.hmap -Xcc -I/Users/pranay/Library/Developer/Xcode/DerivedData/SonarDemo-ddqrmorkxxuuovdczpnlgvfyllpk/Build/Products/Debug-iphonesimulator/include -Xcc -I/Users/pranay/Library/Developer/Xcode/DerivedData/SonarDemo-ddqrmorkxxuuovdczpnlgvfyllpk/Build/Intermediates.noindex/SonarDemo.build/Debug-iphonesimulator/SonarDemo.build/DerivedSources/x86_64 -Xcc -I/Users/pranay/Library/Developer/Xcode/DerivedData/SonarDemo-ddqrmorkxxuuovdczpnlgvfyllpk/Build/Intermediates.noindex/SonarDemo.build/Debug-iphonesimulator/SonarDemo.build/DerivedSources -Xcc -DDEBUG=1 -Xcc -DCOCOAPODS=1 -emit-objc-header -emit-objc-header-path /Users/pranay/Library/Developer/Xcode/DerivedData/SonarDemo-ddqrmorkxxuuovdczpnlgvfyllpk/Build/Intermediates.noindex/SonarDemo.build/Debug-iphonesimulator/SonarDemo.build/Objects-normal/x86_64/SonarDemo-Swift.h -Xcc -working-directory/Users/pranay/Desktop/SonarDemo

CompileSwift normal x86_64 /Users/pranay/Desktop/SonarDemo/SonarDemo/ViewController.swift (in target: SonarDemo)
    cd /Users/pranay/Desktop/SonarDemo
    /Applications/Xcode.app/Contents/Developer/Toolchains/XcodeDefault.xctoolchain/usr/bin/swift -frontend -c -primary-file /Users/pranay/Desktop/SonarDemo/SonarDemo/ViewController.swift /Users/pranay/Desktop/SonarDemo/SonarDemo/AppDelegate.swift -emit-module-path /Users/pranay/Library/Developer/Xcode/DerivedData/SonarDemo-ddqrmorkxxuuovdczpnlgvfyllpk/Build/Intermediates.noindex/SonarDemo.build/Debug-iphonesimulator/SonarDemo.build/Objects-normal/x86_64/ViewController~partial.swiftmodule -emit-module-doc-path /Users/pranay/Library/Developer/Xcode/DerivedData/SonarDemo-ddqrmorkxxuuovdczpnlgvfyllpk/Build/Intermediates.noindex/SonarDemo.build/Debug-iphonesimulator/SonarDemo.build/Objects-normal/x86_64/ViewController~partial.swiftdoc -serialize-diagnostics-path /Users/pranay/Library/Developer/Xcode/DerivedData/SonarDemo-ddqrmorkxxuuovdczpnlgvfyllpk/Build/Intermediates.noindex/SonarDemo.build/Debug-iphonesimulator/SonarDemo.build/Objects-normal/x86_64/ViewController.dia -emit-dependencies-path /Users/pranay/Library/Developer/Xcode/DerivedData/SonarDemo-ddqrmorkxxuuovdczpnlgvfyllpk/Build/Intermediates.noindex/SonarDemo.build/Debug-iphonesimulator/SonarDemo.build/Objects-normal/x86_64/ViewController.d -emit-reference-dependencies-path /Users/pranay/Library/Developer/Xcode/DerivedData/SonarDemo-ddqrmorkxxuuovdczpnlgvfyllpk/Build/Intermediates.noindex/SonarDemo.build/Debug-iphonesimulator/SonarDemo.build/Objects-normal/x86_64/ViewController.swiftdeps -target x86_64-apple-ios10.0-simulator -enable-objc-interop -sdk /Applications/Xcode.app/Contents/Developer/Platforms/iPhoneSimulator.platform/Developer/SDKs/iPhoneSimulator12.1.sdk -I /Users/pranay/Library/Developer/Xcode/DerivedData/SonarDemo-ddqrmorkxxuuovdczpnlgvfyllpk/Build/Products/Debug-iphonesimulator -F /Users/pranay/Library/Developer/Xcode/DerivedData/SonarDemo-ddqrmorkxxuuovdczpnlgvfyllpk/Build/Products/Debug-iphonesimulator -enable-testing -g -module-cache-path /Users/pranay/Library/Developer/Xcode/DerivedData/ModuleCache.noindex -profile-generate -profile-coverage-mapping -swift-version 4.2 -enforce-exclusivity=checked -Onone -D DEBUG -serialize-debugging-options -Xcc -I/Users/pranay/Library/Developer/Xcode/DerivedData/SonarDemo-ddqrmorkxxuuovdczpnlgvfyllpk/Build/Intermediates.noindex/SonarDemo.build/Debug-iphonesimulator/SonarDemo.build/swift-overrides.hmap -Xcc -iquote -Xcc /Users/pranay/Library/Developer/Xcode/DerivedData/SonarDemo-ddqrmorkxxuuovdczpnlgvfyllpk/Build/Intermediates.noindex/SonarDemo.build/Debug-iphonesimulator/SonarDemo.build/SonarDemo-generated-files.hmap -Xcc -I/Users/pranay/Library/Developer/Xcode/DerivedData/SonarDemo-ddqrmorkxxuuovdczpnlgvfyllpk/Build/Intermediates.noindex/SonarDemo.build/Debug-iphonesimulator/SonarDemo.build/SonarDemo-own-target-headers.hmap -Xcc -I/Users/pranay/Library/Developer/Xcode/DerivedData/SonarDemo-ddqrmorkxxuuovdczpnlgvfyllpk/Build/Intermediates.noindex/SonarDemo.build/Debug-iphonesimulator/SonarDemo.build/SonarDemo-all-non-framework-target-headers.hmap -Xcc -ivfsoverlay -Xcc /Users/pranay/Library/Developer/Xcode/DerivedData/SonarDemo-ddqrmorkxxuuovdczpnlgvfyllpk/Build/Intermediates.noindex/SonarDemo.build/Debug-iphonesimulator/SonarDemo.build/all-product-headers.yaml -Xcc -iquote -Xcc /Users/pranay/Library/Developer/Xcode/DerivedData/SonarDemo-ddqrmorkxxuuovdczpnlgvfyllpk/Build/Intermediates.noindex/SonarDemo.build/Debug-iphonesimulator/SonarDemo.build/SonarDemo-project-headers.hmap -Xcc -I/Users/pranay/Library/Developer/Xcode/DerivedData/SonarDemo-ddqrmorkxxuuovdczpnlgvfyllpk/Build/Products/Debug-iphonesimulator/include -Xcc -I/Users/pranay/Library/Developer/Xcode/DerivedData/SonarDemo-ddqrmorkxxuuovdczpnlgvfyllpk/Build/Intermediates.noindex/SonarDemo.build/Debug-iphonesimulator/SonarDemo.build/DerivedSources/x86_64 -Xcc -I/Users/pranay/Library/Developer/Xcode/DerivedData/SonarDemo-ddqrmorkxxuuovdczpnlgvfyllpk/Build/Intermediates.noindex/SonarDemo.build/Debug-iphonesimulator/SonarDemo.build/DerivedSources -Xcc -DDEBUG=1 -Xcc -DCOCOAPODS=1 -Xcc -working-directory/Users/pranay/Desktop/SonarDemo -module-name SonarDemo -o /Users/pranay/Library/Developer/Xcode/DerivedData/SonarDemo-ddqrmorkxxuuovdczpnlgvfyllpk/Build/Intermediates.noindex/SonarDemo.build/Debug-iphonesimulator/SonarDemo.build/Objects-normal/x86_64/ViewController.o

CompileSwift normal x86_64 /Users/pranay/Desktop/SonarDemo/SonarDemo/AppDelegate.swift (in target: SonarDemo)
    cd /Users/pranay/Desktop/SonarDemo
    /Applications/Xcode.app/Contents/Developer/Toolchains/XcodeDefault.xctoolchain/usr/bin/swift -frontend -c /Users/pranay/Desktop/SonarDemo/SonarDemo/ViewController.swift -primary-file /Users/pranay/Desktop/SonarDemo/SonarDemo/AppDelegate.swift -emit-module-path /Users/pranay/Library/Developer/Xcode/DerivedData/SonarDemo-ddqrmorkxxuuovdczpnlgvfyllpk/Build/Intermediates.noindex/SonarDemo.build/Debug-iphonesimulator/SonarDemo.build/Objects-normal/x86_64/AppDelegate~partial.swiftmodule -emit-module-doc-path /Users/pranay/Library/Developer/Xcode/DerivedData/SonarDemo-ddqrmorkxxuuovdczpnlgvfyllpk/Build/Intermediates.noindex/SonarDemo.build/Debug-iphonesimulator/SonarDemo.build/Objects-normal/x86_64/AppDelegate~partial.swiftdoc -serialize-diagnostics-path /Users/pranay/Library/Developer/Xcode/DerivedData/SonarDemo-ddqrmorkxxuuovdczpnlgvfyllpk/Build/Intermediates.noindex/SonarDemo.build/Debug-iphonesimulator/SonarDemo.build/Objects-normal/x86_64/AppDelegate.dia -emit-dependencies-path /Users/pranay/Library/Developer/Xcode/DerivedData/SonarDemo-ddqrmorkxxuuovdczpnlgvfyllpk/Build/Intermediates.noindex/SonarDemo.build/Debug-iphonesimulator/SonarDemo.build/Objects-normal/x86_64/AppDelegate.d -emit-reference-dependencies-path /Users/pranay/Library/Developer/Xcode/DerivedData/SonarDemo-ddqrmorkxxuuovdczpnlgvfyllpk/Build/Intermediates.noindex/SonarDemo.build/Debug-iphonesimulator/SonarDemo.build/Objects-normal/x86_64/AppDelegate.swiftdeps -target x86_64-apple-ios10.0-simulator -enable-objc-interop -sdk /Applications/Xcode.app/Contents/Developer/Platforms/iPhoneSimulator.platform/Developer/SDKs/iPhoneSimulator12.1.sdk -I /Users/pranay/Library/Developer/Xcode/DerivedData/SonarDemo-ddqrmorkxxuuovdczpnlgvfyllpk/Build/Products/Debug-iphonesimulator -F /Users/pranay/Library/Developer/Xcode/DerivedData/SonarDemo-ddqrmorkxxuuovdczpnlgvfyllpk/Build/Products/Debug-iphonesimulator -enable-testing -g -module-cache-path /Users/pranay/Library/Developer/Xcode/DerivedData/ModuleCache.noindex -profile-generate -profile-coverage-mapping -swift-version 4.2 -enforce-exclusivity=checked -Onone -D DEBUG -serialize-debugging-options -Xcc -I/Users/pranay/Library/Developer/Xcode/DerivedData/SonarDemo-ddqrmorkxxuuovdczpnlgvfyllpk/Build/Intermediates.noindex/SonarDemo.build/Debug-iphonesimulator/SonarDemo.build/swift-overrides.hmap -Xcc -iquote -Xcc /Users/pranay/Library/Developer/Xcode/DerivedData/SonarDemo-ddqrmorkxxuuovdczpnlgvfyllpk/Build/Intermediates.noindex/SonarDemo.build/Debug-iphonesimulator/SonarDemo.build/SonarDemo-generated-files.hmap -Xcc -I/Users/pranay/Library/Developer/Xcode/DerivedData/SonarDemo-ddqrmorkxxuuovdczpnlgvfyllpk/Build/Intermediates.noindex/SonarDemo.build/Debug-iphonesimulator/SonarDemo.build/SonarDemo-own-target-headers.hmap -Xcc -I/Users/pranay/Library/Developer/Xcode/DerivedData/SonarDemo-ddqrmorkxxuuovdczpnlgvfyllpk/Build/Intermediates.noindex/SonarDemo.build/Debug-iphonesimulator/SonarDemo.build/SonarDemo-all-non-framework-target-headers.hmap -Xcc -ivfsoverlay -Xcc /Users/pranay/Library/Developer/Xcode/DerivedData/SonarDemo-ddqrmorkxxuuovdczpnlgvfyllpk/Build/Intermediates.noindex/SonarDemo.build/Debug-iphonesimulator/SonarDemo.build/all-product-headers.yaml -Xcc -iquote -Xcc /Users/pranay/Library/Developer/Xcode/DerivedData/SonarDemo-ddqrmorkxxuuovdczpnlgvfyllpk/Build/Intermediates.noindex/SonarDemo.build/Debug-iphonesimulator/SonarDemo.build/SonarDemo-project-headers.hmap -Xcc -I/Users/pranay/Library/Developer/Xcode/DerivedData/SonarDemo-ddqrmorkxxuuovdczpnlgvfyllpk/Build/Products/Debug-iphonesimulator/include -Xcc -I/Users/pranay/Library/Developer/Xcode/DerivedData/SonarDemo-ddqrmorkxxuuovdczpnlgvfyllpk/Build/Intermediates.noindex/SonarDemo.build/Debug-iphonesimulator/SonarDemo.build/DerivedSources/x86_64 -Xcc -I/Users/pranay/Library/Developer/Xcode/DerivedData/SonarDemo-ddqrmorkxxuuovdczpnlgvfyllpk/Build/Intermediates.noindex/SonarDemo.build/Debug-iphonesimulator/SonarDemo.build/DerivedSources -Xcc -DDEBUG=1 -Xcc -DCOCOAPODS=1 -Xcc -working-directory/Users/pranay/Desktop/SonarDemo -module-name SonarDemo -o /Users/pranay/Library/Developer/Xcode/DerivedData/SonarDemo-ddqrmorkxxuuovdczpnlgvfyllpk/Build/Intermediates.noindex/SonarDemo.build/Debug-iphonesimulator/SonarDemo.build/Objects-normal/x86_64/AppDelegate.o

MergeSwiftModule normal x86_64 (in target: SonarDemo)
    cd /Users/pranay/Desktop/SonarDemo
    /Applications/Xcode.app/Contents/Developer/Toolchains/XcodeDefault.xctoolchain/usr/bin/swift -frontend -merge-modules -emit-module /Users/pranay/Library/Developer/Xcode/DerivedData/SonarDemo-ddqrmorkxxuuovdczpnlgvfyllpk/Build/Intermediates.noindex/SonarDemo.build/Debug-iphonesimulator/SonarDemo.build/Objects-normal/x86_64/ViewController~partial.swiftmodule /Users/pranay/Library/Developer/Xcode/DerivedData/SonarDemo-ddqrmorkxxuuovdczpnlgvfyllpk/Build/Intermediates.noindex/SonarDemo.build/Debug-iphonesimulator/SonarDemo.build/Objects-normal/x86_64/AppDelegate~partial.swiftmodule -parse-as-library -sil-merge-partial-modules -disable-diagnostic-passes -disable-sil-perf-optzns -target x86_64-apple-ios10.0-simulator -enable-objc-interop -sdk /Applications/Xcode.app/Contents/Developer/Platforms/iPhoneSimulator.platform/Developer/SDKs/iPhoneSimulator12.1.sdk -I /Users/pranay/Library/Developer/Xcode/DerivedData/SonarDemo-ddqrmorkxxuuovdczpnlgvfyllpk/Build/Products/Debug-iphonesimulator -F /Users/pranay/Library/Developer/Xcode/DerivedData/SonarDemo-ddqrmorkxxuuovdczpnlgvfyllpk/Build/Products/Debug-iphonesimulator -enable-testing -g -module-cache-path /Users/pranay/Library/Developer/Xcode/DerivedData/ModuleCache.noindex -profile-generate -profile-coverage-mapping -swift-version 4.2 -enforce-exclusivity=checked -Onone -D DEBUG -serialize-debugging-options -Xcc -I/Users/pranay/Library/Developer/Xcode/DerivedData/SonarDemo-ddqrmorkxxuuovdczpnlgvfyllpk/Build/Intermediates.noindex/SonarDemo.build/Debug-iphonesimulator/SonarDemo.build/swift-overrides.hmap -Xcc -iquote -Xcc /Users/pranay/Library/Developer/Xcode/DerivedData/SonarDemo-ddqrmorkxxuuovdczpnlgvfyllpk/Build/Intermediates.noindex/SonarDemo.build/Debug-iphonesimulator/SonarDemo.build/SonarDemo-generated-files.hmap -Xcc -I/Users/pranay/Library/Developer/Xcode/DerivedData/SonarDemo-ddqrmorkxxuuovdczpnlgvfyllpk/Build/Intermediates.noindex/SonarDemo.build/Debug-iphonesimulator/SonarDemo.build/SonarDemo-own-target-headers.hmap -Xcc -I/Users/pranay/Library/Developer/Xcode/DerivedData/SonarDemo-ddqrmorkxxuuovdczpnlgvfyllpk/Build/Intermediates.noindex/SonarDemo.build/Debug-iphonesimulator/SonarDemo.build/SonarDemo-all-non-framework-target-headers.hmap -Xcc -ivfsoverlay -Xcc /Users/pranay/Library/Developer/Xcode/DerivedData/SonarDemo-ddqrmorkxxuuovdczpnlgvfyllpk/Build/Intermediates.noindex/SonarDemo.build/Debug-iphonesimulator/SonarDemo.build/all-product-headers.yaml -Xcc -iquote -Xcc /Users/pranay/Library/Developer/Xcode/DerivedData/SonarDemo-ddqrmorkxxuuovdczpnlgvfyllpk/Build/Intermediates.noindex/SonarDemo.build/Debug-iphonesimulator/SonarDemo.build/SonarDemo-project-headers.hmap -Xcc -I/Users/pranay/Library/Developer/Xcode/DerivedData/SonarDemo-ddqrmorkxxuuovdczpnlgvfyllpk/Build/Products/Debug-iphonesimulator/include -Xcc -I/Users/pranay/Library/Developer/Xcode/DerivedData/SonarDemo-ddqrmorkxxuuovdczpnlgvfyllpk/Build/Intermediates.noindex/SonarDemo.build/Debug-iphonesimulator/SonarDemo.build/DerivedSources/x86_64 -Xcc -I/Users/pranay/Library/Developer/Xcode/DerivedData/SonarDemo-ddqrmorkxxuuovdczpnlgvfyllpk/Build/Intermediates.noindex/SonarDemo.build/Debug-iphonesimulator/SonarDemo.build/DerivedSources -Xcc -DDEBUG=1 -Xcc -DCOCOAPODS=1 -Xcc -working-directory/Users/pranay/Desktop/SonarDemo -emit-module-doc-path /Users/pranay/Library/Developer/Xcode/DerivedData/SonarDemo-ddqrmorkxxuuovdczpnlgvfyllpk/Build/Intermediates.noindex/SonarDemo.build/Debug-iphonesimulator/SonarDemo.build/Objects-normal/x86_64/SonarDemo.swiftdoc -emit-objc-header-path /Users/pranay/Library/Developer/Xcode/DerivedData/SonarDemo-ddqrmorkxxuuovdczpnlgvfyllpk/Build/Intermediates.noindex/SonarDemo.build/Debug-iphonesimulator/SonarDemo.build/Objects-normal/x86_64/SonarDemo-Swift.h -module-name SonarDemo -o /Users/pranay/Library/Developer/Xcode/DerivedData/SonarDemo-ddqrmorkxxuuovdczpnlgvfyllpk/Build/Intermediates.noindex/SonarDemo.build/Debug-iphonesimulator/SonarDemo.build/Objects-normal/x86_64/SonarDemo.swiftmodule

Ld /Users/pranay/Library/Developer/Xcode/DerivedData/SonarDemo-ddqrmorkxxuuovdczpnlgvfyllpk/Build/Products/Debug-iphonesimulator/SonarDemo.app/SonarDemo normal x86_64 (in target: SonarDemo)
    cd /Users/pranay/Desktop/SonarDemo
    export IPHONEOS_DEPLOYMENT_TARGET=10.0
    /Applications/Xcode.app/Contents/Developer/Toolchains/XcodeDefault.xctoolchain/usr/bin/clang -arch x86_64 -isysroot /Applications/Xcode.app/Contents/Developer/Platforms/iPhoneSimulator.platform/Developer/SDKs/iPhoneSimulator12.1.sdk -L/Users/pranay/Library/Developer/Xcode/DerivedData/SonarDemo-ddqrmorkxxuuovdczpnlgvfyllpk/Build/Products/Debug-iphonesimulator -F/Users/pranay/Library/Developer/Xcode/DerivedData/SonarDemo-ddqrmorkxxuuovdczpnlgvfyllpk/Build/Products/Debug-iphonesimulator -filelist /Users/pranay/Library/Developer/Xcode/DerivedData/SonarDemo-ddqrmorkxxuuovdczpnlgvfyllpk/Build/Intermediates.noindex/SonarDemo.build/Debug-iphonesimulator/SonarDemo.build/Objects-normal/x86_64/SonarDemo.LinkFileList -Xlinker -rpath -Xlinker @executable_path/Frameworks -Xlinker -rpath -Xlinker @loader_path/Frameworks -Xlinker -rpath -Xlinker @executable_path/Frameworks -mios-simulator-version-min=10.0 -dead_strip -Xlinker -object_path_lto -Xlinker /Users/pranay/Library/Developer/Xcode/DerivedData/SonarDemo-ddqrmorkxxuuovdczpnlgvfyllpk/Build/Intermediates.noindex/SonarDemo.build/Debug-iphonesimulator/SonarDemo.build/Objects-normal/x86_64/SonarDemo_lto.o -Xlinker -export_dynamic -Xlinker -no_deduplicate -Xlinker -objc_abi_version -Xlinker 2 -fobjc-link-runtime -fprofile-instr-generate -L/Applications/Xcode.app/Contents/Developer/Toolchains/XcodeDefault.xctoolchain/usr/lib/swift/iphonesimulator -Xlinker -add_ast_path -Xlinker /Users/pranay/Library/Developer/Xcode/DerivedData/SonarDemo-ddqrmorkxxuuovdczpnlgvfyllpk/Build/Intermediates.noindex/SonarDemo.build/Debug-iphonesimulator/SonarDemo.build/Objects-normal/x86_64/SonarDemo.swiftmodule -Xlinker -sectcreate -Xlinker __TEXT -Xlinker __entitlements -Xlinker /Users/pranay/Library/Developer/Xcode/DerivedData/SonarDemo-ddqrmorkxxuuovdczpnlgvfyllpk/Build/Intermediates.noindex/SonarDemo.build/Debug-iphonesimulator/SonarDemo.build/SonarDemo.app-Simulated.xcent -framework Pods_SonarDemo -Xlinker -dependency_info -Xlinker /Users/pranay/Library/Developer/Xcode/DerivedData/SonarDemo-ddqrmorkxxuuovdczpnlgvfyllpk/Build/Intermediates.noindex/SonarDemo.build/Debug-iphonesimulator/SonarDemo.build/Objects-normal/x86_64/SonarDemo_dependency_info.dat -o /Users/pranay/Library/Developer/Xcode/DerivedData/SonarDemo-ddqrmorkxxuuovdczpnlgvfyllpk/Build/Products/Debug-iphonesimulator/SonarDemo.app/SonarDemo

Ditto /Users/pranay/Library/Developer/Xcode/DerivedData/SonarDemo-ddqrmorkxxuuovdczpnlgvfyllpk/Build/Intermediates.noindex/SonarDemo.build/Debug-iphonesimulator/SonarDemo.build/DerivedSources/SonarDemo-Swift.h /Users/pranay/Library/Developer/Xcode/DerivedData/SonarDemo-ddqrmorkxxuuovdczpnlgvfyllpk/Build/Intermediates.noindex/SonarDemo.build/Debug-iphonesimulator/SonarDemo.build/Objects-normal/x86_64/SonarDemo-Swift.h (in target: SonarDemo)
    cd /Users/pranay/Desktop/SonarDemo
    /usr/bin/ditto -rsrc /Users/pranay/Library/Developer/Xcode/DerivedData/SonarDemo-ddqrmorkxxuuovdczpnlgvfyllpk/Build/Intermediates.noindex/SonarDemo.build/Debug-iphonesimulator/SonarDemo.build/Objects-normal/x86_64/SonarDemo-Swift.h /Users/pranay/Library/Developer/Xcode/DerivedData/SonarDemo-ddqrmorkxxuuovdczpnlgvfyllpk/Build/Intermediates.noindex/SonarDemo.build/Debug-iphonesimulator/SonarDemo.build/DerivedSources/SonarDemo-Swift.h

Ditto /Users/pranay/Library/Developer/Xcode/DerivedData/SonarDemo-ddqrmorkxxuuovdczpnlgvfyllpk/Build/Products/Debug-iphonesimulator/SonarDemo.swiftmodule/x86_64.swiftdoc /Users/pranay/Library/Developer/Xcode/DerivedData/SonarDemo-ddqrmorkxxuuovdczpnlgvfyllpk/Build/Intermediates.noindex/SonarDemo.build/Debug-iphonesimulator/SonarDemo.build/Objects-normal/x86_64/SonarDemo.swiftdoc (in target: SonarDemo)
    cd /Users/pranay/Desktop/SonarDemo
    /usr/bin/ditto -rsrc /Users/pranay/Library/Developer/Xcode/DerivedData/SonarDemo-ddqrmorkxxuuovdczpnlgvfyllpk/Build/Intermediates.noindex/SonarDemo.build/Debug-iphonesimulator/SonarDemo.build/Objects-normal/x86_64/SonarDemo.swiftdoc /Users/pranay/Library/Developer/Xcode/DerivedData/SonarDemo-ddqrmorkxxuuovdczpnlgvfyllpk/Build/Products/Debug-iphonesimulator/SonarDemo.swiftmodule/x86_64.swiftdoc

Ditto /Users/pranay/Library/Developer/Xcode/DerivedData/SonarDemo-ddqrmorkxxuuovdczpnlgvfyllpk/Build/Products/Debug-iphonesimulator/SonarDemo.swiftmodule/x86_64.swiftmodule /Users/pranay/Library/Developer/Xcode/DerivedData/SonarDemo-ddqrmorkxxuuovdczpnlgvfyllpk/Build/Intermediates.noindex/SonarDemo.build/Debug-iphonesimulator/SonarDemo.build/Objects-normal/x86_64/SonarDemo.swiftmodule (in target: SonarDemo)
    cd /Users/pranay/Desktop/SonarDemo
    /usr/bin/ditto -rsrc /Users/pranay/Library/Developer/Xcode/DerivedData/SonarDemo-ddqrmorkxxuuovdczpnlgvfyllpk/Build/Intermediates.noindex/SonarDemo.build/Debug-iphonesimulator/SonarDemo.build/Objects-normal/x86_64/SonarDemo.swiftmodule /Users/pranay/Library/Developer/Xcode/DerivedData/SonarDemo-ddqrmorkxxuuovdczpnlgvfyllpk/Build/Products/Debug-iphonesimulator/SonarDemo.swiftmodule/x86_64.swiftmodule

CompileAssetCatalog /Users/pranay/Library/Developer/Xcode/DerivedData/SonarDemo-ddqrmorkxxuuovdczpnlgvfyllpk/Build/Products/Debug-iphonesimulator/SonarDemo.app /Users/pranay/Desktop/SonarDemo/SonarDemo/Assets.xcassets (in target: SonarDemo)
    cd /Users/pranay/Desktop/SonarDemo
    /Applications/Xcode.app/Contents/Developer/usr/bin/actool --output-format human-readable-text --notices --warnings --export-dependency-info /Users/pranay/Library/Developer/Xcode/DerivedData/SonarDemo-ddqrmorkxxuuovdczpnlgvfyllpk/Build/Intermediates.noindex/SonarDemo.build/Debug-iphonesimulator/SonarDemo.build/assetcatalog_dependencies --output-partial-info-plist /Users/pranay/Library/Developer/Xcode/DerivedData/SonarDemo-ddqrmorkxxuuovdczpnlgvfyllpk/Build/Intermediates.noindex/SonarDemo.build/Debug-iphonesimulator/SonarDemo.build/assetcatalog_generated_info.plist --app-icon AppIcon --compress-pngs --enable-on-demand-resources YES --filter-for-device-model iPhone9,1 --filter-for-device-os-version 12.1 --sticker-pack-identifier-prefix com.company.app.SonarDemo.sticker-pack. --target-device iphone --target-device ipad --minimum-deployment-target 10.0 --platform iphonesimulator --product-type com.apple.product-type.application --compile /Users/pranay/Library/Developer/Xcode/DerivedData/SonarDemo-ddqrmorkxxuuovdczpnlgvfyllpk/Build/Products/Debug-iphonesimulator/SonarDemo.app /Users/pranay/Desktop/SonarDemo/SonarDemo/Assets.xcassets
/* com.apple.actool.compilation-results */
/Users/pranay/Library/Developer/Xcode/DerivedData/SonarDemo-ddqrmorkxxuuovdczpnlgvfyllpk/Build/Intermediates.noindex/SonarDemo.build/Debug-iphonesimulator/SonarDemo.build/assetcatalog_generated_info.plist


CompileStoryboard /Users/pranay/Desktop/SonarDemo/SonarDemo/Base.lproj/Main.storyboard (in target: SonarDemo)
    cd /Users/pranay/Desktop/SonarDemo
    export XCODE_DEVELOPER_USR_PATH=/Applications/Xcode.app/Contents/Developer/usr/bin/..
    /Applications/Xcode.app/Contents/Developer/usr/bin/ibtool --errors --warnings --notices --module SonarDemo --output-partial-info-plist /Users/pranay/Library/Developer/Xcode/DerivedData/SonarDemo-ddqrmorkxxuuovdczpnlgvfyllpk/Build/Intermediates.noindex/SonarDemo.build/Debug-iphonesimulator/SonarDemo.build/Base.lproj/Main-SBPartialInfo.plist --auto-activate-custom-fonts --target-device iphone --target-device ipad --minimum-deployment-target 10.0 --output-format human-readable-text --compilation-directory /Users/pranay/Library/Developer/Xcode/DerivedData/SonarDemo-ddqrmorkxxuuovdczpnlgvfyllpk/Build/Intermediates.noindex/SonarDemo.build/Debug-iphonesimulator/SonarDemo.build/Base.lproj /Users/pranay/Desktop/SonarDemo/SonarDemo/Base.lproj/Main.storyboard
2019-03-13 16:06:18.690 ibtoold[75141:681117] NSFileCoordinator is doing nothing.

CompileStoryboard /Users/pranay/Desktop/SonarDemo/SonarDemo/Base.lproj/LaunchScreen.storyboard (in target: SonarDemo)
    cd /Users/pranay/Desktop/SonarDemo
    export XCODE_DEVELOPER_USR_PATH=/Applications/Xcode.app/Contents/Developer/usr/bin/..
    /Applications/Xcode.app/Contents/Developer/usr/bin/ibtool --errors --warnings --notices --module SonarDemo --output-partial-info-plist /Users/pranay/Library/Developer/Xcode/DerivedData/SonarDemo-ddqrmorkxxuuovdczpnlgvfyllpk/Build/Intermediates.noindex/SonarDemo.build/Debug-iphonesimulator/SonarDemo.build/Base.lproj/LaunchScreen-SBPartialInfo.plist --auto-activate-custom-fonts --target-device iphone --target-device ipad --minimum-deployment-target 10.0 --output-format human-readable-text --compilation-directory /Users/pranay/Library/Developer/Xcode/DerivedData/SonarDemo-ddqrmorkxxuuovdczpnlgvfyllpk/Build/Intermediates.noindex/SonarDemo.build/Debug-iphonesimulator/SonarDemo.build/Base.lproj /Users/pranay/Desktop/SonarDemo/SonarDemo/Base.lproj/LaunchScreen.storyboard
2019-03-13 16:06:18.694 ibtoold[75139:681115] NSFileCoordinator is doing nothing.

ProcessInfoPlistFile /Users/pranay/Library/Developer/Xcode/DerivedData/SonarDemo-ddqrmorkxxuuovdczpnlgvfyllpk/Build/Products/Debug-iphonesimulator/SonarDemo.app/Info.plist /Users/pranay/Desktop/SonarDemo/SonarDemo/Info.plist (in target: SonarDemo)
    cd /Users/pranay/Desktop/SonarDemo
    builtin-infoPlistUtility /Users/pranay/Desktop/SonarDemo/SonarDemo/Info.plist -genpkginfo /Users/pranay/Library/Developer/Xcode/DerivedData/SonarDemo-ddqrmorkxxuuovdczpnlgvfyllpk/Build/Products/Debug-iphonesimulator/SonarDemo.app/PkgInfo -expandbuildsettings -format binary -platform iphonesimulator -additionalcontentfile /Users/pranay/Library/Developer/Xcode/DerivedData/SonarDemo-ddqrmorkxxuuovdczpnlgvfyllpk/Build/Intermediates.noindex/SonarDemo.build/Debug-iphonesimulator/SonarDemo.build/Base.lproj/LaunchScreen-SBPartialInfo.plist -additionalcontentfile /Users/pranay/Library/Developer/Xcode/DerivedData/SonarDemo-ddqrmorkxxuuovdczpnlgvfyllpk/Build/Intermediates.noindex/SonarDemo.build/Debug-iphonesimulator/SonarDemo.build/Base.lproj/Main-SBPartialInfo.plist -additionalcontentfile /Users/pranay/Library/Developer/Xcode/DerivedData/SonarDemo-ddqrmorkxxuuovdczpnlgvfyllpk/Build/Intermediates.noindex/SonarDemo.build/Debug-iphonesimulator/SonarDemo.build/assetcatalog_generated_info.plist -o /Users/pranay/Library/Developer/Xcode/DerivedData/SonarDemo-ddqrmorkxxuuovdczpnlgvfyllpk/Build/Products/Debug-iphonesimulator/SonarDemo.app/Info.plist

LinkStoryboards (in target: SonarDemo)
    cd /Users/pranay/Desktop/SonarDemo
    export XCODE_DEVELOPER_USR_PATH=/Applications/Xcode.app/Contents/Developer/usr/bin/..
    /Applications/Xcode.app/Contents/Developer/usr/bin/ibtool --errors --warnings --notices --module SonarDemo --target-device iphone --target-device ipad --minimum-deployment-target 10.0 --output-format human-readable-text --link /Users/pranay/Library/Developer/Xcode/DerivedData/SonarDemo-ddqrmorkxxuuovdczpnlgvfyllpk/Build/Products/Debug-iphonesimulator/SonarDemo.app /Users/pranay/Library/Developer/Xcode/DerivedData/SonarDemo-ddqrmorkxxuuovdczpnlgvfyllpk/Build/Intermediates.noindex/SonarDemo.build/Debug-iphonesimulator/SonarDemo.build/Base.lproj/LaunchScreen.storyboardc /Users/pranay/Library/Developer/Xcode/DerivedData/SonarDemo-ddqrmorkxxuuovdczpnlgvfyllpk/Build/Intermediates.noindex/SonarDemo.build/Debug-iphonesimulator/SonarDemo.build/Base.lproj/Main.storyboardc

WriteAuxiliaryFile /Users/pranay/Library/Developer/Xcode/DerivedData/SonarDemo-ddqrmorkxxuuovdczpnlgvfyllpk/Build/Intermediates.noindex/SonarDemo.build/Debug-iphonesimulator/SonarDemo.build/Script-785605B05AF66CFD91856D60.sh (in target: SonarDemo)
    cd /Users/pranay/Desktop/SonarDemo
    write-file /Users/pranay/Library/Developer/Xcode/DerivedData/SonarDemo-ddqrmorkxxuuovdczpnlgvfyllpk/Build/Intermediates.noindex/SonarDemo.build/Debug-iphonesimulator/SonarDemo.build/Script-785605B05AF66CFD91856D60.sh

PhaseScriptExecution [CP]\ Embed\ Pods\ Frameworks /Users/pranay/Library/Developer/Xcode/DerivedData/SonarDemo-ddqrmorkxxuuovdczpnlgvfyllpk/Build/Intermediates.noindex/SonarDemo.build/Debug-iphonesimulator/SonarDemo.build/Script-785605B05AF66CFD91856D60.sh (in target: SonarDemo)
    cd /Users/pranay/Desktop/SonarDemo
    /bin/sh -c /Users/pranay/Library/Developer/Xcode/DerivedData/SonarDemo-ddqrmorkxxuuovdczpnlgvfyllpk/Build/Intermediates.noindex/SonarDemo.build/Debug-iphonesimulator/SonarDemo.build/Script-785605B05AF66CFD91856D60.sh
mkdir -p /Users/pranay/Library/Developer/Xcode/DerivedData/SonarDemo-ddqrmorkxxuuovdczpnlgvfyllpk/Build/Products/Debug-iphonesimulator/SonarDemo.app/Frameworks

WriteAuxiliaryFile /Users/pranay/Library/Developer/Xcode/DerivedData/SonarDemo-ddqrmorkxxuuovdczpnlgvfyllpk/Build/Intermediates.noindex/SonarDemo.build/Debug-iphonesimulator/SonarDemo.build/Script-08E44A434330110440FDBC54.sh (in target: SonarDemo)
    cd /Users/pranay/Desktop/SonarDemo
    write-file /Users/pranay/Library/Developer/Xcode/DerivedData/SonarDemo-ddqrmorkxxuuovdczpnlgvfyllpk/Build/Intermediates.noindex/SonarDemo.build/Debug-iphonesimulator/SonarDemo.build/Script-08E44A434330110440FDBC54.sh

PhaseScriptExecution [CP]\ Copy\ Pods\ Resources /Users/pranay/Library/Developer/Xcode/DerivedData/SonarDemo-ddqrmorkxxuuovdczpnlgvfyllpk/Build/Intermediates.noindex/SonarDemo.build/Debug-iphonesimulator/SonarDemo.build/Script-08E44A434330110440FDBC54.sh (in target: SonarDemo)
    cd /Users/pranay/Desktop/SonarDemo
    /bin/sh -c /Users/pranay/Library/Developer/Xcode/DerivedData/SonarDemo-ddqrmorkxxuuovdczpnlgvfyllpk/Build/Intermediates.noindex/SonarDemo.build/Debug-iphonesimulator/SonarDemo.build/Script-08E44A434330110440FDBC54.sh
building file list ... 
done

sent 29 bytes  received 20 bytes  98.00 bytes/sec
total size is 0  speedup is 0.00

CopySwiftLibs /Users/pranay/Library/Developer/Xcode/DerivedData/SonarDemo-ddqrmorkxxuuovdczpnlgvfyllpk/Build/Products/Debug-iphonesimulator/SonarDemo.app (in target: SonarDemo)
    cd /Users/pranay/Desktop/SonarDemo
    export CODESIGN_ALLOCATE=/Applications/Xcode.app/Contents/Developer/Toolchains/XcodeDefault.xctoolchain/usr/bin/codesign_allocate
    export DEVELOPER_DIR=/Applications/Xcode.app/Contents/Developer
    export SDKROOT=/Applications/Xcode.app/Contents/Developer/Platforms/iPhoneSimulator.platform/Developer/SDKs/iPhoneSimulator12.1.sdk
    builtin-swiftStdLibTool --copy --verbose --sign - --scan-executable /Users/pranay/Library/Developer/Xcode/DerivedData/SonarDemo-ddqrmorkxxuuovdczpnlgvfyllpk/Build/Products/Debug-iphonesimulator/SonarDemo.app/SonarDemo --scan-folder /Users/pranay/Library/Developer/Xcode/DerivedData/SonarDemo-ddqrmorkxxuuovdczpnlgvfyllpk/Build/Products/Debug-iphonesimulator/SonarDemo.app/Frameworks --scan-folder /Users/pranay/Library/Developer/Xcode/DerivedData/SonarDemo-ddqrmorkxxuuovdczpnlgvfyllpk/Build/Products/Debug-iphonesimulator/SonarDemo.app/PlugIns --scan-folder /Users/pranay/Library/Developer/Xcode/DerivedData/SonarDemo-ddqrmorkxxuuovdczpnlgvfyllpk/Build/Products/Debug-iphonesimulator/Pods_SonarDemo.framework --platform iphonesimulator --toolchain /Applications/Xcode.app/Contents/Developer/Toolchains/XcodeDefault.xctoolchain --destination /Users/pranay/Library/Developer/Xcode/DerivedData/SonarDemo-ddqrmorkxxuuovdczpnlgvfyllpk/Build/Products/Debug-iphonesimulator/SonarDemo.app/Frameworks --strip-bitcode --resource-destination /Users/pranay/Library/Developer/Xcode/DerivedData/SonarDemo-ddqrmorkxxuuovdczpnlgvfyllpk/Build/Products/Debug-iphonesimulator/SonarDemo.app --resource-library libswiftRemoteMirror.dylib --strip-bitcode-tool /Applications/Xcode.app/Contents/Developer/Toolchains/XcodeDefault.xctoolchain/usr/bin/bitcode_strip --emit-dependency-info /Users/pranay/Library/Developer/Xcode/DerivedData/SonarDemo-ddqrmorkxxuuovdczpnlgvfyllpk/Build/Intermediates.noindex/SonarDemo.build/Debug-iphonesimulator/SonarDemo.build/SwiftStdLibToolInputDependencies.dep
Requested Swift ABI version based on scanned binaries: 6
Copying /Applications/Xcode.app/Contents/Developer/Toolchains/XcodeDefault.xctoolchain/usr/lib/swift/iphonesimulator/libswiftUIKit.dylib to /Users/pranay/Library/Developer/Xcode/DerivedData/SonarDemo-ddqrmorkxxuuovdczpnlgvfyllpk/Build/Products/Debug-iphonesimulator/SonarDemo.app/Frameworks/libswiftUIKit.dylib
/Applications/Xcode.app/Contents/Developer/Toolchains/XcodeDefault.xctoolchain/usr/bin/bitcode_strip /Applications/Xcode.app/Contents/Developer/Toolchains/XcodeDefault.xctoolchain/usr/lib/swift/iphonesimulator/libswiftUIKit.dylib -r -o /Users/pranay/Library/Developer/Xcode/DerivedData/SonarDemo-ddqrmorkxxuuovdczpnlgvfyllpk/Build/Products/Debug-iphonesimulator/SonarDemo.app/Frameworks/libswiftUIKit.dylib
Copying /Applications/Xcode.app/Contents/Developer/Toolchains/XcodeDefault.xctoolchain/usr/lib/swift/iphonesimulator/libswiftObjectiveC.dylib to /Users/pranay/Library/Developer/Xcode/DerivedData/SonarDemo-ddqrmorkxxuuovdczpnlgvfyllpk/Build/Products/Debug-iphonesimulator/SonarDemo.app/Frameworks/libswiftObjectiveC.dylib
/Applications/Xcode.app/Contents/Developer/Toolchains/XcodeDefault.xctoolchain/usr/bin/bitcode_strip /Applications/Xcode.app/Contents/Developer/Toolchains/XcodeDefault.xctoolchain/usr/lib/swift/iphonesimulator/libswiftObjectiveC.dylib -r -o /Users/pranay/Library/Developer/Xcode/DerivedData/SonarDemo-ddqrmorkxxuuovdczpnlgvfyllpk/Build/Products/Debug-iphonesimulator/SonarDemo.app/Frameworks/libswiftObjectiveC.dylib
Copying /Applications/Xcode.app/Contents/Developer/Toolchains/XcodeDefault.xctoolchain/usr/lib/swift/iphonesimulator/libswiftos.dylib to /Users/pranay/Library/Developer/Xcode/DerivedData/SonarDemo-ddqrmorkxxuuovdczpnlgvfyllpk/Build/Products/Debug-iphonesimulator/SonarDemo.app/Frameworks/libswiftos.dylib
/Applications/Xcode.app/Contents/Developer/Toolchains/XcodeDefault.xctoolchain/usr/bin/bitcode_strip /Applications/Xcode.app/Contents/Developer/Toolchains/XcodeDefault.xctoolchain/usr/lib/swift/iphonesimulator/libswiftos.dylib -r -o /Users/pranay/Library/Developer/Xcode/DerivedData/SonarDemo-ddqrmorkxxuuovdczpnlgvfyllpk/Build/Products/Debug-iphonesimulator/SonarDemo.app/Frameworks/libswiftos.dylib
Copying /Applications/Xcode.app/Contents/Developer/Toolchains/XcodeDefault.xctoolchain/usr/lib/swift/iphonesimulator/libswiftCoreGraphics.dylib to /Users/pranay/Library/Developer/Xcode/DerivedData/SonarDemo-ddqrmorkxxuuovdczpnlgvfyllpk/Build/Products/Debug-iphonesimulator/SonarDemo.app/Frameworks/libswiftCoreGraphics.dylib
/Applications/Xcode.app/Contents/Developer/Toolchains/XcodeDefault.xctoolchain/usr/bin/bitcode_strip /Applications/Xcode.app/Contents/Developer/Toolchains/XcodeDefault.xctoolchain/usr/lib/swift/iphonesimulator/libswiftCoreGraphics.dylib -r -o /Users/pranay/Library/Developer/Xcode/DerivedData/SonarDemo-ddqrmorkxxuuovdczpnlgvfyllpk/Build/Products/Debug-iphonesimulator/SonarDemo.app/Frameworks/libswiftCoreGraphics.dylib
Copying /Applications/Xcode.app/Contents/Developer/Toolchains/XcodeDefault.xctoolchain/usr/lib/swift/iphonesimulator/libswiftCoreImage.dylib to /Users/pranay/Library/Developer/Xcode/DerivedData/SonarDemo-ddqrmorkxxuuovdczpnlgvfyllpk/Build/Products/Debug-iphonesimulator/SonarDemo.app/Frameworks/libswiftCoreImage.dylib
/Applications/Xcode.app/Contents/Developer/Toolchains/XcodeDefault.xctoolchain/usr/bin/bitcode_strip /Applications/Xcode.app/Contents/Developer/Toolchains/XcodeDefault.xctoolchain/usr/lib/swift/iphonesimulator/libswiftCoreImage.dylib -r -o /Users/pranay/Library/Developer/Xcode/DerivedData/SonarDemo-ddqrmorkxxuuovdczpnlgvfyllpk/Build/Products/Debug-iphonesimulator/SonarDemo.app/Frameworks/libswiftCoreImage.dylib
Copying /Applications/Xcode.app/Contents/Developer/Toolchains/XcodeDefault.xctoolchain/usr/lib/swift/iphonesimulator/libswiftDispatch.dylib to /Users/pranay/Library/Developer/Xcode/DerivedData/SonarDemo-ddqrmorkxxuuovdczpnlgvfyllpk/Build/Products/Debug-iphonesimulator/SonarDemo.app/Frameworks/libswiftDispatch.dylib
/Applications/Xcode.app/Contents/Developer/Toolchains/XcodeDefault.xctoolchain/usr/bin/bitcode_strip /Applications/Xcode.app/Contents/Developer/Toolchains/XcodeDefault.xctoolchain/usr/lib/swift/iphonesimulator/libswiftDispatch.dylib -r -o /Users/pranay/Library/Developer/Xcode/DerivedData/SonarDemo-ddqrmorkxxuuovdczpnlgvfyllpk/Build/Products/Debug-iphonesimulator/SonarDemo.app/Frameworks/libswiftDispatch.dylib
Copying /Applications/Xcode.app/Contents/Developer/Toolchains/XcodeDefault.xctoolchain/usr/lib/swift/iphonesimulator/libswiftMetal.dylib to /Users/pranay/Library/Developer/Xcode/DerivedData/SonarDemo-ddqrmorkxxuuovdczpnlgvfyllpk/Build/Products/Debug-iphonesimulator/SonarDemo.app/Frameworks/libswiftMetal.dylib
/Applications/Xcode.app/Contents/Developer/Toolchains/XcodeDefault.xctoolchain/usr/bin/bitcode_strip /Applications/Xcode.app/Contents/Developer/Toolchains/XcodeDefault.xctoolchain/usr/lib/swift/iphonesimulator/libswiftMetal.dylib -r -o /Users/pranay/Library/Developer/Xcode/DerivedData/SonarDemo-ddqrmorkxxuuovdczpnlgvfyllpk/Build/Products/Debug-iphonesimulator/SonarDemo.app/Frameworks/libswiftMetal.dylib
Copying /Applications/Xcode.app/Contents/Developer/Toolchains/XcodeDefault.xctoolchain/usr/lib/swift/iphonesimulator/libswiftQuartzCore.dylib to /Users/pranay/Library/Developer/Xcode/DerivedData/SonarDemo-ddqrmorkxxuuovdczpnlgvfyllpk/Build/Products/Debug-iphonesimulator/SonarDemo.app/Frameworks/libswiftQuartzCore.dylib
/Applications/Xcode.app/Contents/Developer/Toolchains/XcodeDefault.xctoolchain/usr/bin/bitcode_strip /Applications/Xcode.app/Contents/Developer/Toolchains/XcodeDefault.xctoolchain/usr/lib/swift/iphonesimulator/libswiftQuartzCore.dylib -r -o /Users/pranay/Library/Developer/Xcode/DerivedData/SonarDemo-ddqrmorkxxuuovdczpnlgvfyllpk/Build/Products/Debug-iphonesimulator/SonarDemo.app/Frameworks/libswiftQuartzCore.dylib
Copying /Applications/Xcode.app/Contents/Developer/Toolchains/XcodeDefault.xctoolchain/usr/lib/swift/iphonesimulator/libswiftDarwin.dylib to /Users/pranay/Library/Developer/Xcode/DerivedData/SonarDemo-ddqrmorkxxuuovdczpnlgvfyllpk/Build/Products/Debug-iphonesimulator/SonarDemo.app/Frameworks/libswiftDarwin.dylib
/Applications/Xcode.app/Contents/Developer/Toolchains/XcodeDefault.xctoolchain/usr/bin/bitcode_strip /Applications/Xcode.app/Contents/Developer/Toolchains/XcodeDefault.xctoolchain/usr/lib/swift/iphonesimulator/libswiftDarwin.dylib -r -o /Users/pranay/Library/Developer/Xcode/DerivedData/SonarDemo-ddqrmorkxxuuovdczpnlgvfyllpk/Build/Products/Debug-iphonesimulator/SonarDemo.app/Frameworks/libswiftDarwin.dylib
Copying /Applications/Xcode.app/Contents/Developer/Toolchains/XcodeDefault.xctoolchain/usr/lib/swift/iphonesimulator/libswiftCore.dylib to /Users/pranay/Library/Developer/Xcode/DerivedData/SonarDemo-ddqrmorkxxuuovdczpnlgvfyllpk/Build/Products/Debug-iphonesimulator/SonarDemo.app/Frameworks/libswiftCore.dylib
/Applications/Xcode.app/Contents/Developer/Toolchains/XcodeDefault.xctoolchain/usr/bin/bitcode_strip /Applications/Xcode.app/Contents/Developer/Toolchains/XcodeDefault.xctoolchain/usr/lib/swift/iphonesimulator/libswiftCore.dylib -r -o /Users/pranay/Library/Developer/Xcode/DerivedData/SonarDemo-ddqrmorkxxuuovdczpnlgvfyllpk/Build/Products/Debug-iphonesimulator/SonarDemo.app/Frameworks/libswiftCore.dylib
Copying /Applications/Xcode.app/Contents/Developer/Toolchains/XcodeDefault.xctoolchain/usr/lib/swift/iphonesimulator/libswiftFoundation.dylib to /Users/pranay/Library/Developer/Xcode/DerivedData/SonarDemo-ddqrmorkxxuuovdczpnlgvfyllpk/Build/Products/Debug-iphonesimulator/SonarDemo.app/Frameworks/libswiftFoundation.dylib
/Applications/Xcode.app/Contents/Developer/Toolchains/XcodeDefault.xctoolchain/usr/bin/bitcode_strip /Applications/Xcode.app/Contents/Developer/Toolchains/XcodeDefault.xctoolchain/usr/lib/swift/iphonesimulator/libswiftFoundation.dylib -r -o /Users/pranay/Library/Developer/Xcode/DerivedData/SonarDemo-ddqrmorkxxuuovdczpnlgvfyllpk/Build/Products/Debug-iphonesimulator/SonarDemo.app/Frameworks/libswiftFoundation.dylib
Copying /Applications/Xcode.app/Contents/Developer/Toolchains/XcodeDefault.xctoolchain/usr/lib/swift/iphonesimulator/libswiftCoreFoundation.dylib to /Users/pranay/Library/Developer/Xcode/DerivedData/SonarDemo-ddqrmorkxxuuovdczpnlgvfyllpk/Build/Products/Debug-iphonesimulator/SonarDemo.app/Frameworks/libswiftCoreFoundation.dylib
/Applications/Xcode.app/Contents/Developer/Toolchains/XcodeDefault.xctoolchain/usr/bin/bitcode_strip /Applications/Xcode.app/Contents/Developer/Toolchains/XcodeDefault.xctoolchain/usr/lib/swift/iphonesimulator/libswiftCoreFoundation.dylib -r -o /Users/pranay/Library/Developer/Xcode/DerivedData/SonarDemo-ddqrmorkxxuuovdczpnlgvfyllpk/Build/Products/Debug-iphonesimulator/SonarDemo.app/Frameworks/libswiftCoreFoundation.dylib
Copying /Applications/Xcode.app/Contents/Developer/Toolchains/XcodeDefault.xctoolchain/usr/lib/swift/iphonesimulator/libswiftRemoteMirror.dylib to /Users/pranay/Library/Developer/Xcode/DerivedData/SonarDemo-ddqrmorkxxuuovdczpnlgvfyllpk/Build/Products/Debug-iphonesimulator/SonarDemo.app/libswiftRemoteMirror.dylib
Probing signature of /Users/pranay/Library/Developer/Xcode/DerivedData/SonarDemo-ddqrmorkxxuuovdczpnlgvfyllpk/Build/Products/Debug-iphonesimulator/SonarDemo.app/Frameworks/libswiftUIKit.dylib
/usr/bin/codesign -r- --display /Users/pranay/Library/Developer/Xcode/DerivedData/SonarDemo-ddqrmorkxxuuovdczpnlgvfyllpk/Build/Products/Debug-iphonesimulator/SonarDemo.app/Frameworks/libswiftUIKit.dylib
Codesigning /Users/pranay/Library/Developer/Xcode/DerivedData/SonarDemo-ddqrmorkxxuuovdczpnlgvfyllpk/Build/Products/Debug-iphonesimulator/SonarDemo.app/Frameworks/libswiftUIKit.dylib
/usr/bin/codesign --force --sign - --verbose /Users/pranay/Library/Developer/Xcode/DerivedData/SonarDemo-ddqrmorkxxuuovdczpnlgvfyllpk/Build/Products/Debug-iphonesimulator/SonarDemo.app/Frameworks/libswiftUIKit.dylib
Probing signature of /Users/pranay/Library/Developer/Xcode/DerivedData/SonarDemo-ddqrmorkxxuuovdczpnlgvfyllpk/Build/Products/Debug-iphonesimulator/SonarDemo.app/Frameworks/libswiftUIKit.dylib
/usr/bin/codesign -r- --display /Users/pranay/Library/Developer/Xcode/DerivedData/SonarDemo-ddqrmorkxxuuovdczpnlgvfyllpk/Build/Products/Debug-iphonesimulator/SonarDemo.app/Frameworks/libswiftUIKit.dylib
Probing signature of /Users/pranay/Library/Developer/Xcode/DerivedData/SonarDemo-ddqrmorkxxuuovdczpnlgvfyllpk/Build/Products/Debug-iphonesimulator/SonarDemo.app/Frameworks/libswiftMetal.dylib
Probing signature of /Users/pranay/Library/Developer/Xcode/DerivedData/SonarDemo-ddqrmorkxxuuovdczpnlgvfyllpk/Build/Products/Debug-iphonesimulator/SonarDemo.app/Frameworks/libswiftQuartzCore.dylib
Probing signature of /Users/pranay/Library/Developer/Xcode/DerivedData/SonarDemo-ddqrmorkxxuuovdczpnlgvfyllpk/Build/Products/Debug-iphonesimulator/SonarDemo.app/Frameworks/libswiftCoreImage.dylib
Probing signature of /Users/pranay/Library/Developer/Xcode/DerivedData/SonarDemo-ddqrmorkxxuuovdczpnlgvfyllpk/Build/Products/Debug-iphonesimulator/SonarDemo.app/Frameworks/libswiftDarwin.dylib
Probing signature of /Users/pranay/Library/Developer/Xcode/DerivedData/SonarDemo-ddqrmorkxxuuovdczpnlgvfyllpk/Build/Products/Debug-iphonesimulator/SonarDemo.app/Frameworks/libswiftos.dylib
Probing signature of /Users/pranay/Library/Developer/Xcode/DerivedData/SonarDemo-ddqrmorkxxuuovdczpnlgvfyllpk/Build/Products/Debug-iphonesimulator/SonarDemo.app/Frameworks/libswiftDispatch.dylib
Probing signature of /Users/pranay/Library/Developer/Xcode/DerivedData/SonarDemo-ddqrmorkxxuuovdczpnlgvfyllpk/Build/Products/Debug-iphonesimulator/SonarDemo.app/Frameworks/libswiftCoreGraphics.dylib
Probing signature of /Users/pranay/Library/Developer/Xcode/DerivedData/SonarDemo-ddqrmorkxxuuovdczpnlgvfyllpk/Build/Products/Debug-iphonesimulator/SonarDemo.app/Frameworks/libswiftObjectiveC.dylib
/usr/bin/codesign -r- --display /Users/pranay/Library/Developer/Xcode/DerivedData/SonarDemo-ddqrmorkxxuuovdczpnlgvfyllpk/Build/Products/Debug-iphonesimulator/SonarDemo.app/Frameworks/libswiftMetal.dylib
/usr/bin/codesign -r- --display /Users/pranay/Library/Developer/Xcode/DerivedData/SonarDemo-ddqrmorkxxuuovdczpnlgvfyllpk/Build/Products/Debug-iphonesimulator/SonarDemo.app/Frameworks/libswiftQuartzCore.dylib
/usr/bin/codesign -r- --display /Users/pranay/Library/Developer/Xcode/DerivedData/SonarDemo-ddqrmorkxxuuovdczpnlgvfyllpk/Build/Products/Debug-iphonesimulator/SonarDemo.app/Frameworks/libswiftCoreImage.dylib
/usr/bin/codesign -r- --display /Users/pranay/Library/Developer/Xcode/DerivedData/SonarDemo-ddqrmorkxxuuovdczpnlgvfyllpk/Build/Products/Debug-iphonesimulator/SonarDemo.app/Frameworks/libswiftDarwin.dylib
/usr/bin/codesign -r- --display /Users/pranay/Library/Developer/Xcode/DerivedData/SonarDemo-ddqrmorkxxuuovdczpnlgvfyllpk/Build/Products/Debug-iphonesimulator/SonarDemo.app/Frameworks/libswiftos.dylib
/usr/bin/codesign -r- --display /Users/pranay/Library/Developer/Xcode/DerivedData/SonarDemo-ddqrmorkxxuuovdczpnlgvfyllpk/Build/Products/Debug-iphonesimulator/SonarDemo.app/Frameworks/libswiftDispatch.dylib
/usr/bin/codesign -r- --display /Users/pranay/Library/Developer/Xcode/DerivedData/SonarDemo-ddqrmorkxxuuovdczpnlgvfyllpk/Build/Products/Debug-iphonesimulator/SonarDemo.app/Frameworks/libswiftCoreGraphics.dylib
/usr/bin/codesign -r- --display /Users/pranay/Library/Developer/Xcode/DerivedData/SonarDemo-ddqrmorkxxuuovdczpnlgvfyllpk/Build/Products/Debug-iphonesimulator/SonarDemo.app/Frameworks/libswiftObjectiveC.dylib
Codesigning /Users/pranay/Library/Developer/Xcode/DerivedData/SonarDemo-ddqrmorkxxuuovdczpnlgvfyllpk/Build/Products/Debug-iphonesimulator/SonarDemo.app/Frameworks/libswiftObjectiveC.dylib
/usr/bin/codesign --force --sign - --verbose /Users/pranay/Library/Developer/Xcode/DerivedData/SonarDemo-ddqrmorkxxuuovdczpnlgvfyllpk/Build/Products/Debug-iphonesimulator/SonarDemo.app/Frameworks/libswiftObjectiveC.dylib
Codesigning /Users/pranay/Library/Developer/Xcode/DerivedData/SonarDemo-ddqrmorkxxuuovdczpnlgvfyllpk/Build/Products/Debug-iphonesimulator/SonarDemo.app/Frameworks/libswiftMetal.dylib
/usr/bin/codesign --force --sign - --verbose /Users/pranay/Library/Developer/Xcode/DerivedData/SonarDemo-ddqrmorkxxuuovdczpnlgvfyllpk/Build/Products/Debug-iphonesimulator/SonarDemo.app/Frameworks/libswiftMetal.dylib
Codesigning /Users/pranay/Library/Developer/Xcode/DerivedData/SonarDemo-ddqrmorkxxuuovdczpnlgvfyllpk/Build/Products/Debug-iphonesimulator/SonarDemo.app/Frameworks/libswiftCoreImage.dylib
Codesigning /Users/pranay/Library/Developer/Xcode/DerivedData/SonarDemo-ddqrmorkxxuuovdczpnlgvfyllpk/Build/Products/Debug-iphonesimulator/SonarDemo.app/Frameworks/libswiftos.dylib
Codesigning /Users/pranay/Library/Developer/Xcode/DerivedData/SonarDemo-ddqrmorkxxuuovdczpnlgvfyllpk/Build/Products/Debug-iphonesimulator/SonarDemo.app/Frameworks/libswiftQuartzCore.dylib
Codesigning /Users/pranay/Library/Developer/Xcode/DerivedData/SonarDemo-ddqrmorkxxuuovdczpnlgvfyllpk/Build/Products/Debug-iphonesimulator/SonarDemo.app/Frameworks/libswiftCoreGraphics.dylib
Codesigning /Users/pranay/Library/Developer/Xcode/DerivedData/SonarDemo-ddqrmorkxxuuovdczpnlgvfyllpk/Build/Products/Debug-iphonesimulator/SonarDemo.app/Frameworks/libswiftDarwin.dylib
/usr/bin/codesign --force --sign - --verbose /Users/pranay/Library/Developer/Xcode/DerivedData/SonarDemo-ddqrmorkxxuuovdczpnlgvfyllpk/Build/Products/Debug-iphonesimulator/SonarDemo.app/Frameworks/libswiftCoreImage.dylib
Codesigning /Users/pranay/Library/Developer/Xcode/DerivedData/SonarDemo-ddqrmorkxxuuovdczpnlgvfyllpk/Build/Products/Debug-iphonesimulator/SonarDemo.app/Frameworks/libswiftDispatch.dylib
/usr/bin/codesign --force --sign - --verbose /Users/pranay/Library/Developer/Xcode/DerivedData/SonarDemo-ddqrmorkxxuuovdczpnlgvfyllpk/Build/Products/Debug-iphonesimulator/SonarDemo.app/Frameworks/libswiftos.dylib
/usr/bin/codesign --force --sign - --verbose /Users/pranay/Library/Developer/Xcode/DerivedData/SonarDemo-ddqrmorkxxuuovdczpnlgvfyllpk/Build/Products/Debug-iphonesimulator/SonarDemo.app/Frameworks/libswiftQuartzCore.dylib
/usr/bin/codesign --force --sign - --verbose /Users/pranay/Library/Developer/Xcode/DerivedData/SonarDemo-ddqrmorkxxuuovdczpnlgvfyllpk/Build/Products/Debug-iphonesimulator/SonarDemo.app/Frameworks/libswiftCoreGraphics.dylib
/usr/bin/codesign --force --sign - --verbose /Users/pranay/Library/Developer/Xcode/DerivedData/SonarDemo-ddqrmorkxxuuovdczpnlgvfyllpk/Build/Products/Debug-iphonesimulator/SonarDemo.app/Frameworks/libswiftDarwin.dylib
/usr/bin/codesign --force --sign - --verbose /Users/pranay/Library/Developer/Xcode/DerivedData/SonarDemo-ddqrmorkxxuuovdczpnlgvfyllpk/Build/Products/Debug-iphonesimulator/SonarDemo.app/Frameworks/libswiftDispatch.dylib
Probing signature of /Users/pranay/Library/Developer/Xcode/DerivedData/SonarDemo-ddqrmorkxxuuovdczpnlgvfyllpk/Build/Products/Debug-iphonesimulator/SonarDemo.app/Frameworks/libswiftObjectiveC.dylib
/usr/bin/codesign -r- --display /Users/pranay/Library/Developer/Xcode/DerivedData/SonarDemo-ddqrmorkxxuuovdczpnlgvfyllpk/Build/Products/Debug-iphonesimulator/SonarDemo.app/Frameworks/libswiftObjectiveC.dylib
Probing signature of /Users/pranay/Library/Developer/Xcode/DerivedData/SonarDemo-ddqrmorkxxuuovdczpnlgvfyllpk/Build/Products/Debug-iphonesimulator/SonarDemo.app/Frameworks/libswiftMetal.dylib
/usr/bin/codesign -r- --display /Users/pranay/Library/Developer/Xcode/DerivedData/SonarDemo-ddqrmorkxxuuovdczpnlgvfyllpk/Build/Products/Debug-iphonesimulator/SonarDemo.app/Frameworks/libswiftMetal.dylib
Probing signature of /Users/pranay/Library/Developer/Xcode/DerivedData/SonarDemo-ddqrmorkxxuuovdczpnlgvfyllpk/Build/Products/Debug-iphonesimulator/SonarDemo.app/Frameworks/libswiftCore.dylib
/usr/bin/codesign -r- --display /Users/pranay/Library/Developer/Xcode/DerivedData/SonarDemo-ddqrmorkxxuuovdczpnlgvfyllpk/Build/Products/Debug-iphonesimulator/SonarDemo.app/Frameworks/libswiftCore.dylib
Probing signature of /Users/pranay/Library/Developer/Xcode/DerivedData/SonarDemo-ddqrmorkxxuuovdczpnlgvfyllpk/Build/Products/Debug-iphonesimulator/SonarDemo.app/Frameworks/libswiftFoundation.dylib
/usr/bin/codesign -r- --display /Users/pranay/Library/Developer/Xcode/DerivedData/SonarDemo-ddqrmorkxxuuovdczpnlgvfyllpk/Build/Products/Debug-iphonesimulator/SonarDemo.app/Frameworks/libswiftFoundation.dylib
Probing signature of /Users/pranay/Library/Developer/Xcode/DerivedData/SonarDemo-ddqrmorkxxuuovdczpnlgvfyllpk/Build/Products/Debug-iphonesimulator/SonarDemo.app/Frameworks/libswiftCoreImage.dylib
/usr/bin/codesign -r- --display /Users/pranay/Library/Developer/Xcode/DerivedData/SonarDemo-ddqrmorkxxuuovdczpnlgvfyllpk/Build/Products/Debug-iphonesimulator/SonarDemo.app/Frameworks/libswiftCoreImage.dylib
Probing signature of /Users/pranay/Library/Developer/Xcode/DerivedData/SonarDemo-ddqrmorkxxuuovdczpnlgvfyllpk/Build/Products/Debug-iphonesimulator/SonarDemo.app/Frameworks/libswiftQuartzCore.dylib
Probing signature of /Users/pranay/Library/Developer/Xcode/DerivedData/SonarDemo-ddqrmorkxxuuovdczpnlgvfyllpk/Build/Products/Debug-iphonesimulator/SonarDemo.app/Frameworks/libswiftos.dylib
/usr/bin/codesign -r- --display /Users/pranay/Library/Developer/Xcode/DerivedData/SonarDemo-ddqrmorkxxuuovdczpnlgvfyllpk/Build/Products/Debug-iphonesimulator/SonarDemo.app/Frameworks/libswiftQuartzCore.dylib
/usr/bin/codesign -r- --display /Users/pranay/Library/Developer/Xcode/DerivedData/SonarDemo-ddqrmorkxxuuovdczpnlgvfyllpk/Build/Products/Debug-iphonesimulator/SonarDemo.app/Frameworks/libswiftos.dylib
Probing signature of /Users/pranay/Library/Developer/Xcode/DerivedData/SonarDemo-ddqrmorkxxuuovdczpnlgvfyllpk/Build/Products/Debug-iphonesimulator/SonarDemo.app/Frameworks/libswiftCoreFoundation.dylib
/usr/bin/codesign -r- --display /Users/pranay/Library/Developer/Xcode/DerivedData/SonarDemo-ddqrmorkxxuuovdczpnlgvfyllpk/Build/Products/Debug-iphonesimulator/SonarDemo.app/Frameworks/libswiftCoreFoundation.dylib
Probing signature of /Users/pranay/Library/Developer/Xcode/DerivedData/SonarDemo-ddqrmorkxxuuovdczpnlgvfyllpk/Build/Products/Debug-iphonesimulator/SonarDemo.app/Frameworks/libswiftDarwin.dylib
Probing signature of /Users/pranay/Library/Developer/Xcode/DerivedData/SonarDemo-ddqrmorkxxuuovdczpnlgvfyllpk/Build/Products/Debug-iphonesimulator/SonarDemo.app/Frameworks/libswiftCoreGraphics.dylib
/usr/bin/codesign -r- --display /Users/pranay/Library/Developer/Xcode/DerivedData/SonarDemo-ddqrmorkxxuuovdczpnlgvfyllpk/Build/Products/Debug-iphonesimulator/SonarDemo.app/Frameworks/libswiftDarwin.dylib
/usr/bin/codesign -r- --display /Users/pranay/Library/Developer/Xcode/DerivedData/SonarDemo-ddqrmorkxxuuovdczpnlgvfyllpk/Build/Products/Debug-iphonesimulator/SonarDemo.app/Frameworks/libswiftCoreGraphics.dylib
Probing signature of /Users/pranay/Library/Developer/Xcode/DerivedData/SonarDemo-ddqrmorkxxuuovdczpnlgvfyllpk/Build/Products/Debug-iphonesimulator/SonarDemo.app/Frameworks/libswiftDispatch.dylib
/usr/bin/codesign -r- --display /Users/pranay/Library/Developer/Xcode/DerivedData/SonarDemo-ddqrmorkxxuuovdczpnlgvfyllpk/Build/Products/Debug-iphonesimulator/SonarDemo.app/Frameworks/libswiftDispatch.dylib
Codesigning /Users/pranay/Library/Developer/Xcode/DerivedData/SonarDemo-ddqrmorkxxuuovdczpnlgvfyllpk/Build/Products/Debug-iphonesimulator/SonarDemo.app/Frameworks/libswiftCore.dylib
Codesigning /Users/pranay/Library/Developer/Xcode/DerivedData/SonarDemo-ddqrmorkxxuuovdczpnlgvfyllpk/Build/Products/Debug-iphonesimulator/SonarDemo.app/Frameworks/libswiftFoundation.dylib
/usr/bin/codesign --force --sign - --verbose /Users/pranay/Library/Developer/Xcode/DerivedData/SonarDemo-ddqrmorkxxuuovdczpnlgvfyllpk/Build/Products/Debug-iphonesimulator/SonarDemo.app/Frameworks/libswiftCore.dylib
/usr/bin/codesign --force --sign - --verbose /Users/pranay/Library/Developer/Xcode/DerivedData/SonarDemo-ddqrmorkxxuuovdczpnlgvfyllpk/Build/Products/Debug-iphonesimulator/SonarDemo.app/Frameworks/libswiftFoundation.dylib
Codesigning /Users/pranay/Library/Developer/Xcode/DerivedData/SonarDemo-ddqrmorkxxuuovdczpnlgvfyllpk/Build/Products/Debug-iphonesimulator/SonarDemo.app/Frameworks/libswiftCoreFoundation.dylib
/usr/bin/codesign --force --sign - --verbose /Users/pranay/Library/Developer/Xcode/DerivedData/SonarDemo-ddqrmorkxxuuovdczpnlgvfyllpk/Build/Products/Debug-iphonesimulator/SonarDemo.app/Frameworks/libswiftCoreFoundation.dylib
Probing signature of /Users/pranay/Library/Developer/Xcode/DerivedData/SonarDemo-ddqrmorkxxuuovdczpnlgvfyllpk/Build/Products/Debug-iphonesimulator/SonarDemo.app/Frameworks/libswiftCoreFoundation.dylib
/usr/bin/codesign -r- --display /Users/pranay/Library/Developer/Xcode/DerivedData/SonarDemo-ddqrmorkxxuuovdczpnlgvfyllpk/Build/Products/Debug-iphonesimulator/SonarDemo.app/Frameworks/libswiftCoreFoundation.dylib
Probing signature of /Users/pranay/Library/Developer/Xcode/DerivedData/SonarDemo-ddqrmorkxxuuovdczpnlgvfyllpk/Build/Products/Debug-iphonesimulator/SonarDemo.app/Frameworks/libswiftFoundation.dylib
Probing signature of /Users/pranay/Library/Developer/Xcode/DerivedData/SonarDemo-ddqrmorkxxuuovdczpnlgvfyllpk/Build/Products/Debug-iphonesimulator/SonarDemo.app/Frameworks/libswiftCore.dylib
/usr/bin/codesign -r- --display /Users/pranay/Library/Developer/Xcode/DerivedData/SonarDemo-ddqrmorkxxuuovdczpnlgvfyllpk/Build/Products/Debug-iphonesimulator/SonarDemo.app/Frameworks/libswiftFoundation.dylib
/usr/bin/codesign -r- --display /Users/pranay/Library/Developer/Xcode/DerivedData/SonarDemo-ddqrmorkxxuuovdczpnlgvfyllpk/Build/Products/Debug-iphonesimulator/SonarDemo.app/Frameworks/libswiftCore.dylib

CodeSign /Users/pranay/Library/Developer/Xcode/DerivedData/SonarDemo-ddqrmorkxxuuovdczpnlgvfyllpk/Build/Products/Debug-iphonesimulator/SonarDemo.app (in target: SonarDemo)
    cd /Users/pranay/Desktop/SonarDemo
    export CODESIGN_ALLOCATE=/Applications/Xcode.app/Contents/Developer/Toolchains/XcodeDefault.xctoolchain/usr/bin/codesign_allocate
    
Signing Identity:     "-"

    /usr/bin/codesign --force --sign - --entitlements /Users/pranay/Library/Developer/Xcode/DerivedData/SonarDemo-ddqrmorkxxuuovdczpnlgvfyllpk/Build/Intermediates.noindex/SonarDemo.build/Debug-iphonesimulator/SonarDemo.build/SonarDemo.app.xcent --timestamp=none /Users/pranay/Library/Developer/Xcode/DerivedData/SonarDemo-ddqrmorkxxuuovdczpnlgvfyllpk/Build/Products/Debug-iphonesimulator/SonarDemo.app

Touch /Users/pranay/Library/Developer/Xcode/DerivedData/SonarDemo-ddqrmorkxxuuovdczpnlgvfyllpk/Build/Products/Debug-iphonesimulator/SonarDemo.app (in target: SonarDemo)
    cd /Users/pranay/Desktop/SonarDemo
    /usr/bin/touch -c /Users/pranay/Library/Developer/Xcode/DerivedData/SonarDemo-ddqrmorkxxuuovdczpnlgvfyllpk/Build/Products/Debug-iphonesimulator/SonarDemo.app

** BUILD SUCCEEDED **

